   1              		.cpu cortex-m4
   2              		.eabi_attribute 27, 1
   3              		.eabi_attribute 28, 1
   4              		.eabi_attribute 20, 1
   5              		.eabi_attribute 21, 1
   6              		.eabi_attribute 23, 3
   7              		.eabi_attribute 24, 1
   8              		.eabi_attribute 25, 1
   9              		.eabi_attribute 26, 1
  10              		.eabi_attribute 30, 4
  11              		.eabi_attribute 34, 1
  12              		.eabi_attribute 18, 4
  13              		.file	"main_usb.c"
  14              		.text
  15              	.Ltext0:
  16              		.cfi_sections	.debug_frame
  17              		.section	.text.main_suspend_action,"ax",%progbits
  18              		.align	1
  19              		.global	main_suspend_action
  20              		.arch armv7e-m
  21              		.syntax unified
  22              		.thumb
  23              		.thumb_func
  24              		.fpu fpv4-sp-d16
  26              	main_suspend_action:
  27              	.LFB133:
  28              		.file 1 "tmk_core/protocol/arm_atsam/usb/main_usb.c"
   1:tmk_core/protocol/arm_atsam/usb/main_usb.c **** /*
   2:tmk_core/protocol/arm_atsam/usb/main_usb.c **** Copyright 2018 Massdrop Inc.
   3:tmk_core/protocol/arm_atsam/usb/main_usb.c **** 
   4:tmk_core/protocol/arm_atsam/usb/main_usb.c **** This program is free software: you can redistribute it and/or modify
   5:tmk_core/protocol/arm_atsam/usb/main_usb.c **** it under the terms of the GNU General Public License as published by
   6:tmk_core/protocol/arm_atsam/usb/main_usb.c **** the Free Software Foundation, either version 2 of the License, or
   7:tmk_core/protocol/arm_atsam/usb/main_usb.c **** (at your option) any later version.
   8:tmk_core/protocol/arm_atsam/usb/main_usb.c **** 
   9:tmk_core/protocol/arm_atsam/usb/main_usb.c **** This program is distributed in the hope that it will be useful,
  10:tmk_core/protocol/arm_atsam/usb/main_usb.c **** but WITHOUT ANY WARRANTY; without even the implied warranty of
  11:tmk_core/protocol/arm_atsam/usb/main_usb.c **** MERCHANTABILITY or FITNESS FOR A PARTICULAR PURPOSE.  See the
  12:tmk_core/protocol/arm_atsam/usb/main_usb.c **** GNU General Public License for more details.
  13:tmk_core/protocol/arm_atsam/usb/main_usb.c **** 
  14:tmk_core/protocol/arm_atsam/usb/main_usb.c **** You should have received a copy of the GNU General Public License
  15:tmk_core/protocol/arm_atsam/usb/main_usb.c **** along with this program.  If not, see <http://www.gnu.org/licenses/>.
  16:tmk_core/protocol/arm_atsam/usb/main_usb.c **** */
  17:tmk_core/protocol/arm_atsam/usb/main_usb.c **** 
  18:tmk_core/protocol/arm_atsam/usb/main_usb.c **** #include "samd51j18a.h"
  19:tmk_core/protocol/arm_atsam/usb/main_usb.c **** #include "conf_usb.h"
  20:tmk_core/protocol/arm_atsam/usb/main_usb.c **** #include "udd.h"
  21:tmk_core/protocol/arm_atsam/usb/main_usb.c **** 
  22:tmk_core/protocol/arm_atsam/usb/main_usb.c **** #ifdef RAW_ENABLE
  23:tmk_core/protocol/arm_atsam/usb/main_usb.c **** #    include "raw_hid.h"
  24:tmk_core/protocol/arm_atsam/usb/main_usb.c **** #endif
  25:tmk_core/protocol/arm_atsam/usb/main_usb.c **** 
  26:tmk_core/protocol/arm_atsam/usb/main_usb.c **** uint8_t keyboard_protocol = 1;
  27:tmk_core/protocol/arm_atsam/usb/main_usb.c **** 
  28:tmk_core/protocol/arm_atsam/usb/main_usb.c **** void main_suspend_action(void) { ui_powerdown(); }
  29              		.loc 1 28 32 view -0
  30              		.cfi_startproc
  31              		@ args = 0, pretend = 0, frame = 0
  32              		@ frame_needed = 0, uses_anonymous_args = 0
  33              		@ link register save eliminated.
  34              		.loc 1 28 34 view .LVU1
  35 0000 FFF7FEBF 		b	ui_powerdown
  36              	.LVL0:
  37              		.cfi_endproc
  38              	.LFE133:
  40              		.section	.text.main_resume_action,"ax",%progbits
  41              		.align	1
  42              		.global	main_resume_action
  43              		.syntax unified
  44              		.thumb
  45              		.thumb_func
  46              		.fpu fpv4-sp-d16
  48              	main_resume_action:
  49              	.LFB134:
  29:tmk_core/protocol/arm_atsam/usb/main_usb.c **** 
  30:tmk_core/protocol/arm_atsam/usb/main_usb.c **** void main_resume_action(void) { ui_wakeup(); }
  50              		.loc 1 30 31 view -0
  51              		.cfi_startproc
  52              		@ args = 0, pretend = 0, frame = 0
  53              		@ frame_needed = 0, uses_anonymous_args = 0
  54              		@ link register save eliminated.
  55              		.loc 1 30 33 view .LVU3
  56 0000 FFF7FEBF 		b	ui_wakeup
  57              	.LVL1:
  58              		.cfi_endproc
  59              	.LFE134:
  61              		.section	.text.main_sof_action,"ax",%progbits
  62              		.align	1
  63              		.global	main_sof_action
  64              		.syntax unified
  65              		.thumb
  66              		.thumb_func
  67              		.fpu fpv4-sp-d16
  69              	main_sof_action:
  70              	.LFB135:
  31:tmk_core/protocol/arm_atsam/usb/main_usb.c **** 
  32:tmk_core/protocol/arm_atsam/usb/main_usb.c **** void main_sof_action(void) { ui_process(udd_get_frame_number()); }
  71              		.loc 1 32 28 view -0
  72              		.cfi_startproc
  73              		@ args = 0, pretend = 0, frame = 0
  74              		@ frame_needed = 0, uses_anonymous_args = 0
  75              		.loc 1 32 30 view .LVU5
  76              		.loc 1 32 28 is_stmt 0 view .LVU6
  77 0000 08B5     		push	{r3, lr}
  78              		.cfi_def_cfa_offset 8
  79              		.cfi_offset 3, -8
  80              		.cfi_offset 14, -4
  81              		.loc 1 32 30 view .LVU7
  82 0002 FFF7FEFF 		bl	udd_get_frame_number
  83              	.LVL2:
  84              		.loc 1 32 1 view .LVU8
  85 0006 BDE80840 		pop	{r3, lr}
  86              		.cfi_restore 14
  87              		.cfi_restore 3
  88              		.cfi_def_cfa_offset 0
  89              		.loc 1 32 30 view .LVU9
  90 000a FFF7FEBF 		b	ui_process
  91              	.LVL3:
  92              		.cfi_endproc
  93              	.LFE135:
  95              		.section	.text.main_remotewakeup_enable,"ax",%progbits
  96              		.align	1
  97              		.global	main_remotewakeup_enable
  98              		.syntax unified
  99              		.thumb
 100              		.thumb_func
 101              		.fpu fpv4-sp-d16
 103              	main_remotewakeup_enable:
 104              	.LFB136:
  33:tmk_core/protocol/arm_atsam/usb/main_usb.c **** 
  34:tmk_core/protocol/arm_atsam/usb/main_usb.c **** void main_remotewakeup_enable(void) { ui_wakeup_enable(); }
 105              		.loc 1 34 37 is_stmt 1 view -0
 106              		.cfi_startproc
 107              		@ args = 0, pretend = 0, frame = 0
 108              		@ frame_needed = 0, uses_anonymous_args = 0
 109              		@ link register save eliminated.
 110              		.loc 1 34 39 view .LVU11
 111 0000 FFF7FEBF 		b	ui_wakeup_enable
 112              	.LVL4:
 113              		.cfi_endproc
 114              	.LFE136:
 116              		.section	.text.main_remotewakeup_disable,"ax",%progbits
 117              		.align	1
 118              		.global	main_remotewakeup_disable
 119              		.syntax unified
 120              		.thumb
 121              		.thumb_func
 122              		.fpu fpv4-sp-d16
 124              	main_remotewakeup_disable:
 125              	.LFB137:
  35:tmk_core/protocol/arm_atsam/usb/main_usb.c **** 
  36:tmk_core/protocol/arm_atsam/usb/main_usb.c **** void main_remotewakeup_disable(void) { ui_wakeup_disable(); }
 126              		.loc 1 36 38 view -0
 127              		.cfi_startproc
 128              		@ args = 0, pretend = 0, frame = 0
 129              		@ frame_needed = 0, uses_anonymous_args = 0
 130              		@ link register save eliminated.
 131              		.loc 1 36 40 view .LVU13
 132 0000 FFF7FEBF 		b	ui_wakeup_disable
 133              	.LVL5:
 134              		.cfi_endproc
 135              	.LFE137:
 137              		.section	.text.main_kbd_enable,"ax",%progbits
 138              		.align	1
 139              		.global	main_kbd_enable
 140              		.syntax unified
 141              		.thumb
 142              		.thumb_func
 143              		.fpu fpv4-sp-d16
 145              	main_kbd_enable:
 146              	.LFB138:
  37:tmk_core/protocol/arm_atsam/usb/main_usb.c **** 
  38:tmk_core/protocol/arm_atsam/usb/main_usb.c **** volatile bool main_b_kbd_enable = false;
  39:tmk_core/protocol/arm_atsam/usb/main_usb.c **** bool          main_kbd_enable(void) {
 147              		.loc 1 39 37 view -0
 148              		.cfi_startproc
 149              		@ args = 0, pretend = 0, frame = 0
 150              		@ frame_needed = 0, uses_anonymous_args = 0
 151              		@ link register save eliminated.
  40:tmk_core/protocol/arm_atsam/usb/main_usb.c ****     main_b_kbd_enable = true;
 152              		.loc 1 40 5 view .LVU15
 153              		.loc 1 40 23 is_stmt 0 view .LVU16
 154 0000 014B     		ldr	r3, .L7
 155 0002 0120     		movs	r0, #1
 156 0004 1870     		strb	r0, [r3]
  41:tmk_core/protocol/arm_atsam/usb/main_usb.c ****     return true;
 157              		.loc 1 41 5 is_stmt 1 view .LVU17
  42:tmk_core/protocol/arm_atsam/usb/main_usb.c **** }
 158              		.loc 1 42 1 is_stmt 0 view .LVU18
 159 0006 7047     		bx	lr
 160              	.L8:
 161              		.align	2
 162              	.L7:
 163 0008 00000000 		.word	.LANCHOR0
 164              		.cfi_endproc
 165              	.LFE138:
 167              		.section	.text.main_kbd_disable,"ax",%progbits
 168              		.align	1
 169              		.global	main_kbd_disable
 170              		.syntax unified
 171              		.thumb
 172              		.thumb_func
 173              		.fpu fpv4-sp-d16
 175              	main_kbd_disable:
 176              	.LFB139:
  43:tmk_core/protocol/arm_atsam/usb/main_usb.c **** 
  44:tmk_core/protocol/arm_atsam/usb/main_usb.c **** void main_kbd_disable(void) { main_b_kbd_enable = false; }
 177              		.loc 1 44 29 is_stmt 1 view -0
 178              		.cfi_startproc
 179              		@ args = 0, pretend = 0, frame = 0
 180              		@ frame_needed = 0, uses_anonymous_args = 0
 181              		@ link register save eliminated.
 182              		.loc 1 44 31 view .LVU20
 183              		.loc 1 44 49 is_stmt 0 view .LVU21
 184 0000 014B     		ldr	r3, .L10
 185 0002 0022     		movs	r2, #0
 186 0004 1A70     		strb	r2, [r3]
 187              		.loc 1 44 1 view .LVU22
 188 0006 7047     		bx	lr
 189              	.L11:
 190              		.align	2
 191              	.L10:
 192 0008 00000000 		.word	.LANCHOR0
 193              		.cfi_endproc
 194              	.LFE139:
 196              		.section	.text.main_nkro_enable,"ax",%progbits
 197              		.align	1
 198              		.global	main_nkro_enable
 199              		.syntax unified
 200              		.thumb
 201              		.thumb_func
 202              		.fpu fpv4-sp-d16
 204              	main_nkro_enable:
 205              	.LFB140:
  45:tmk_core/protocol/arm_atsam/usb/main_usb.c **** 
  46:tmk_core/protocol/arm_atsam/usb/main_usb.c **** #ifdef NKRO_ENABLE
  47:tmk_core/protocol/arm_atsam/usb/main_usb.c **** volatile bool main_b_nkro_enable = false;
  48:tmk_core/protocol/arm_atsam/usb/main_usb.c **** bool          main_nkro_enable(void) {
 206              		.loc 1 48 38 is_stmt 1 view -0
 207              		.cfi_startproc
 208              		@ args = 0, pretend = 0, frame = 0
 209              		@ frame_needed = 0, uses_anonymous_args = 0
 210              		@ link register save eliminated.
  49:tmk_core/protocol/arm_atsam/usb/main_usb.c ****     main_b_nkro_enable = true;
 211              		.loc 1 49 5 view .LVU24
 212              		.loc 1 49 24 is_stmt 0 view .LVU25
 213 0000 014B     		ldr	r3, .L13
 214 0002 0120     		movs	r0, #1
 215 0004 5870     		strb	r0, [r3, #1]
  50:tmk_core/protocol/arm_atsam/usb/main_usb.c ****     return true;
 216              		.loc 1 50 5 is_stmt 1 view .LVU26
  51:tmk_core/protocol/arm_atsam/usb/main_usb.c **** }
 217              		.loc 1 51 1 is_stmt 0 view .LVU27
 218 0006 7047     		bx	lr
 219              	.L14:
 220              		.align	2
 221              	.L13:
 222 0008 00000000 		.word	.LANCHOR0
 223              		.cfi_endproc
 224              	.LFE140:
 226              		.section	.text.main_nkro_disable,"ax",%progbits
 227              		.align	1
 228              		.global	main_nkro_disable
 229              		.syntax unified
 230              		.thumb
 231              		.thumb_func
 232              		.fpu fpv4-sp-d16
 234              	main_nkro_disable:
 235              	.LFB141:
  52:tmk_core/protocol/arm_atsam/usb/main_usb.c **** 
  53:tmk_core/protocol/arm_atsam/usb/main_usb.c **** void main_nkro_disable(void) { main_b_nkro_enable = false; }
 236              		.loc 1 53 30 is_stmt 1 view -0
 237              		.cfi_startproc
 238              		@ args = 0, pretend = 0, frame = 0
 239              		@ frame_needed = 0, uses_anonymous_args = 0
 240              		@ link register save eliminated.
 241              		.loc 1 53 32 view .LVU29
 242              		.loc 1 53 51 is_stmt 0 view .LVU30
 243 0000 014B     		ldr	r3, .L16
 244 0002 0022     		movs	r2, #0
 245 0004 5A70     		strb	r2, [r3, #1]
 246              		.loc 1 53 1 view .LVU31
 247 0006 7047     		bx	lr
 248              	.L17:
 249              		.align	2
 250              	.L16:
 251 0008 00000000 		.word	.LANCHOR0
 252              		.cfi_endproc
 253              	.LFE141:
 255              		.section	.text.main_exk_enable,"ax",%progbits
 256              		.align	1
 257              		.global	main_exk_enable
 258              		.syntax unified
 259              		.thumb
 260              		.thumb_func
 261              		.fpu fpv4-sp-d16
 263              	main_exk_enable:
 264              	.LFB142:
  54:tmk_core/protocol/arm_atsam/usb/main_usb.c **** #endif
  55:tmk_core/protocol/arm_atsam/usb/main_usb.c **** 
  56:tmk_core/protocol/arm_atsam/usb/main_usb.c **** #ifdef EXTRAKEY_ENABLE
  57:tmk_core/protocol/arm_atsam/usb/main_usb.c **** volatile bool main_b_exk_enable = false;
  58:tmk_core/protocol/arm_atsam/usb/main_usb.c **** bool          main_exk_enable(void) {
 265              		.loc 1 58 37 is_stmt 1 view -0
 266              		.cfi_startproc
 267              		@ args = 0, pretend = 0, frame = 0
 268              		@ frame_needed = 0, uses_anonymous_args = 0
 269              		@ link register save eliminated.
  59:tmk_core/protocol/arm_atsam/usb/main_usb.c ****     main_b_exk_enable = true;
 270              		.loc 1 59 5 view .LVU33
 271              		.loc 1 59 23 is_stmt 0 view .LVU34
 272 0000 014B     		ldr	r3, .L19
 273 0002 0120     		movs	r0, #1
 274 0004 9870     		strb	r0, [r3, #2]
  60:tmk_core/protocol/arm_atsam/usb/main_usb.c ****     return true;
 275              		.loc 1 60 5 is_stmt 1 view .LVU35
  61:tmk_core/protocol/arm_atsam/usb/main_usb.c **** }
 276              		.loc 1 61 1 is_stmt 0 view .LVU36
 277 0006 7047     		bx	lr
 278              	.L20:
 279              		.align	2
 280              	.L19:
 281 0008 00000000 		.word	.LANCHOR0
 282              		.cfi_endproc
 283              	.LFE142:
 285              		.section	.text.main_exk_disable,"ax",%progbits
 286              		.align	1
 287              		.global	main_exk_disable
 288              		.syntax unified
 289              		.thumb
 290              		.thumb_func
 291              		.fpu fpv4-sp-d16
 293              	main_exk_disable:
 294              	.LFB143:
  62:tmk_core/protocol/arm_atsam/usb/main_usb.c **** 
  63:tmk_core/protocol/arm_atsam/usb/main_usb.c **** void main_exk_disable(void) { main_b_exk_enable = false; }
 295              		.loc 1 63 29 is_stmt 1 view -0
 296              		.cfi_startproc
 297              		@ args = 0, pretend = 0, frame = 0
 298              		@ frame_needed = 0, uses_anonymous_args = 0
 299              		@ link register save eliminated.
 300              		.loc 1 63 31 view .LVU38
 301              		.loc 1 63 49 is_stmt 0 view .LVU39
 302 0000 014B     		ldr	r3, .L22
 303 0002 0022     		movs	r2, #0
 304 0004 9A70     		strb	r2, [r3, #2]
 305              		.loc 1 63 1 view .LVU40
 306 0006 7047     		bx	lr
 307              	.L23:
 308              		.align	2
 309              	.L22:
 310 0008 00000000 		.word	.LANCHOR0
 311              		.cfi_endproc
 312              	.LFE143:
 314              		.global	main_b_exk_enable
 315              		.global	main_b_nkro_enable
 316              		.global	main_b_kbd_enable
 317              		.global	keyboard_protocol
 318              		.data
 321              	keyboard_protocol:
 322 0000 01       		.byte	1
 323              		.bss
 324              		.set	.LANCHOR0,. + 0
 327              	main_b_kbd_enable:
 328 0000 00       		.space	1
 331              	main_b_nkro_enable:
 332 0001 00       		.space	1
 335              	main_b_exk_enable:
 336 0002 00       		.space	1
 337              		.text
 338              	.Letext0:
 339              		.file 2 "/usr/local/Cellar/arm-gcc-bin@8/8-2019-q3-update/arm-none-eabi/include/machine/_default_t
 340              		.file 3 "/usr/local/Cellar/arm-gcc-bin@8/8-2019-q3-update/arm-none-eabi/include/sys/_stdint.h"
 341              		.file 4 "lib/arm_atsam/packs/arm/cmsis/5.0.1/CMSIS/Include/core_cm4.h"
 342              		.file 5 "lib/arm_atsam/packs/atmel/SAMD51_DFP/1.0.70/include/system_samd51.h"
 343              		.file 6 "/usr/local/Cellar/arm-gcc-bin@8/8-2019-q3-update/lib/gcc/arm-none-eabi/8.3.1/include/stdd
 344              		.file 7 "/usr/local/Cellar/arm-gcc-bin@8/8-2019-q3-update/arm-none-eabi/include/sys/_types.h"
 345              		.file 8 "/usr/local/Cellar/arm-gcc-bin@8/8-2019-q3-update/arm-none-eabi/include/sys/reent.h"
 346              		.file 9 "/usr/local/Cellar/arm-gcc-bin@8/8-2019-q3-update/arm-none-eabi/include/sys/lock.h"
 347              		.file 10 "/usr/local/Cellar/arm-gcc-bin@8/8-2019-q3-update/arm-none-eabi/include/stdlib.h"
 348              		.file 11 "tmk_core/protocol/arm_atsam/usb/compiler.h"
 349              		.file 12 "tmk_core/protocol/arm_atsam/usb/usb_protocol.h"
 350              		.file 13 "tmk_core/protocol/arm_atsam/usb/udi_device_conf.h"
 351              		.file 14 "tmk_core/protocol/arm_atsam/usb/udi.h"
 352              		.file 15 "tmk_core/protocol/arm_atsam/usb/udc_desc.h"
 353              		.file 16 "tmk_core/protocol/arm_atsam/usb/udi_hid_kbd.h"
 354              		.file 17 "tmk_core/protocol/arm_atsam/usb/usb_main.h"
 355              		.file 18 "tmk_core/protocol/arm_atsam/usb/udd.h"
 356              		.file 19 "tmk_core/protocol/arm_atsam/usb/ui.h"
DEFINED SYMBOLS
                            *ABS*:0000000000000000 main_usb.c
/var/folders/z4/wxlp73js78g02fcv9dbq6g8h0000gn/T//ccsOQqWH.s:18     .text.main_suspend_action:0000000000000000 $t
/var/folders/z4/wxlp73js78g02fcv9dbq6g8h0000gn/T//ccsOQqWH.s:26     .text.main_suspend_action:0000000000000000 main_suspend_action
/var/folders/z4/wxlp73js78g02fcv9dbq6g8h0000gn/T//ccsOQqWH.s:41     .text.main_resume_action:0000000000000000 $t
/var/folders/z4/wxlp73js78g02fcv9dbq6g8h0000gn/T//ccsOQqWH.s:48     .text.main_resume_action:0000000000000000 main_resume_action
/var/folders/z4/wxlp73js78g02fcv9dbq6g8h0000gn/T//ccsOQqWH.s:62     .text.main_sof_action:0000000000000000 $t
/var/folders/z4/wxlp73js78g02fcv9dbq6g8h0000gn/T//ccsOQqWH.s:69     .text.main_sof_action:0000000000000000 main_sof_action
/var/folders/z4/wxlp73js78g02fcv9dbq6g8h0000gn/T//ccsOQqWH.s:96     .text.main_remotewakeup_enable:0000000000000000 $t
/var/folders/z4/wxlp73js78g02fcv9dbq6g8h0000gn/T//ccsOQqWH.s:103    .text.main_remotewakeup_enable:0000000000000000 main_remotewakeup_enable
/var/folders/z4/wxlp73js78g02fcv9dbq6g8h0000gn/T//ccsOQqWH.s:117    .text.main_remotewakeup_disable:0000000000000000 $t
/var/folders/z4/wxlp73js78g02fcv9dbq6g8h0000gn/T//ccsOQqWH.s:124    .text.main_remotewakeup_disable:0000000000000000 main_remotewakeup_disable
/var/folders/z4/wxlp73js78g02fcv9dbq6g8h0000gn/T//ccsOQqWH.s:138    .text.main_kbd_enable:0000000000000000 $t
/var/folders/z4/wxlp73js78g02fcv9dbq6g8h0000gn/T//ccsOQqWH.s:145    .text.main_kbd_enable:0000000000000000 main_kbd_enable
/var/folders/z4/wxlp73js78g02fcv9dbq6g8h0000gn/T//ccsOQqWH.s:163    .text.main_kbd_enable:0000000000000008 $d
/var/folders/z4/wxlp73js78g02fcv9dbq6g8h0000gn/T//ccsOQqWH.s:168    .text.main_kbd_disable:0000000000000000 $t
/var/folders/z4/wxlp73js78g02fcv9dbq6g8h0000gn/T//ccsOQqWH.s:175    .text.main_kbd_disable:0000000000000000 main_kbd_disable
/var/folders/z4/wxlp73js78g02fcv9dbq6g8h0000gn/T//ccsOQqWH.s:192    .text.main_kbd_disable:0000000000000008 $d
/var/folders/z4/wxlp73js78g02fcv9dbq6g8h0000gn/T//ccsOQqWH.s:197    .text.main_nkro_enable:0000000000000000 $t
/var/folders/z4/wxlp73js78g02fcv9dbq6g8h0000gn/T//ccsOQqWH.s:204    .text.main_nkro_enable:0000000000000000 main_nkro_enable
/var/folders/z4/wxlp73js78g02fcv9dbq6g8h0000gn/T//ccsOQqWH.s:222    .text.main_nkro_enable:0000000000000008 $d
/var/folders/z4/wxlp73js78g02fcv9dbq6g8h0000gn/T//ccsOQqWH.s:227    .text.main_nkro_disable:0000000000000000 $t
/var/folders/z4/wxlp73js78g02fcv9dbq6g8h0000gn/T//ccsOQqWH.s:234    .text.main_nkro_disable:0000000000000000 main_nkro_disable
/var/folders/z4/wxlp73js78g02fcv9dbq6g8h0000gn/T//ccsOQqWH.s:251    .text.main_nkro_disable:0000000000000008 $d
/var/folders/z4/wxlp73js78g02fcv9dbq6g8h0000gn/T//ccsOQqWH.s:256    .text.main_exk_enable:0000000000000000 $t
/var/folders/z4/wxlp73js78g02fcv9dbq6g8h0000gn/T//ccsOQqWH.s:263    .text.main_exk_enable:0000000000000000 main_exk_enable
/var/folders/z4/wxlp73js78g02fcv9dbq6g8h0000gn/T//ccsOQqWH.s:281    .text.main_exk_enable:0000000000000008 $d
/var/folders/z4/wxlp73js78g02fcv9dbq6g8h0000gn/T//ccsOQqWH.s:286    .text.main_exk_disable:0000000000000000 $t
/var/folders/z4/wxlp73js78g02fcv9dbq6g8h0000gn/T//ccsOQqWH.s:293    .text.main_exk_disable:0000000000000000 main_exk_disable
/var/folders/z4/wxlp73js78g02fcv9dbq6g8h0000gn/T//ccsOQqWH.s:310    .text.main_exk_disable:0000000000000008 $d
/var/folders/z4/wxlp73js78g02fcv9dbq6g8h0000gn/T//ccsOQqWH.s:335    .bss:0000000000000002 main_b_exk_enable
/var/folders/z4/wxlp73js78g02fcv9dbq6g8h0000gn/T//ccsOQqWH.s:331    .bss:0000000000000001 main_b_nkro_enable
/var/folders/z4/wxlp73js78g02fcv9dbq6g8h0000gn/T//ccsOQqWH.s:327    .bss:0000000000000000 main_b_kbd_enable
/var/folders/z4/wxlp73js78g02fcv9dbq6g8h0000gn/T//ccsOQqWH.s:321    .data:0000000000000000 keyboard_protocol
/var/folders/z4/wxlp73js78g02fcv9dbq6g8h0000gn/T//ccsOQqWH.s:328    .bss:0000000000000000 $d

UNDEFINED SYMBOLS
ui_powerdown
ui_wakeup
udd_get_frame_number
ui_process
ui_wakeup_enable
ui_wakeup_disable
