   1              		.cpu cortex-m4
   2              		.eabi_attribute 27, 1
   3              		.eabi_attribute 28, 1
   4              		.eabi_attribute 20, 1
   5              		.eabi_attribute 21, 1
   6              		.eabi_attribute 23, 3
   7              		.eabi_attribute 24, 1
   8              		.eabi_attribute 25, 1
   9              		.eabi_attribute 26, 1
  10              		.eabi_attribute 30, 4
  11              		.eabi_attribute 34, 1
  12              		.eabi_attribute 18, 4
  13              		.file	"udi_hid.c"
  14              		.text
  15              	.Ltext0:
  16              		.cfi_sections	.debug_frame
  17              		.section	.text.udi_hid_setup,"ax",%progbits
  18              		.align	1
  19              		.global	udi_hid_setup
  20              		.arch armv7e-m
  21              		.syntax unified
  22              		.thumb
  23              		.thumb_func
  24              		.fpu fpv4-sp-d16
  26              	udi_hid_setup:
  27              	.LVL0:
  28              	.LFB14:
  29              		.file 1 "tmk_core/protocol/arm_atsam/usb/udi_hid.c"
   1:tmk_core/protocol/arm_atsam/usb/udi_hid.c **** /**
   2:tmk_core/protocol/arm_atsam/usb/udi_hid.c ****  * \file
   3:tmk_core/protocol/arm_atsam/usb/udi_hid.c ****  *
   4:tmk_core/protocol/arm_atsam/usb/udi_hid.c ****  * \brief USB Device Human Interface Device (HID) interface.
   5:tmk_core/protocol/arm_atsam/usb/udi_hid.c ****  *
   6:tmk_core/protocol/arm_atsam/usb/udi_hid.c ****  * Copyright (c) 2009-2015 Atmel Corporation. All rights reserved.
   7:tmk_core/protocol/arm_atsam/usb/udi_hid.c ****  *
   8:tmk_core/protocol/arm_atsam/usb/udi_hid.c ****  * \asf_license_start
   9:tmk_core/protocol/arm_atsam/usb/udi_hid.c ****  *
  10:tmk_core/protocol/arm_atsam/usb/udi_hid.c ****  * \page License
  11:tmk_core/protocol/arm_atsam/usb/udi_hid.c ****  *
  12:tmk_core/protocol/arm_atsam/usb/udi_hid.c ****  * Redistribution and use in source and binary forms, with or without
  13:tmk_core/protocol/arm_atsam/usb/udi_hid.c ****  * modification, are permitted provided that the following conditions are met:
  14:tmk_core/protocol/arm_atsam/usb/udi_hid.c ****  *
  15:tmk_core/protocol/arm_atsam/usb/udi_hid.c ****  * 1. Redistributions of source code must retain the above copyright notice,
  16:tmk_core/protocol/arm_atsam/usb/udi_hid.c ****  *    this list of conditions and the following disclaimer.
  17:tmk_core/protocol/arm_atsam/usb/udi_hid.c ****  *
  18:tmk_core/protocol/arm_atsam/usb/udi_hid.c ****  * 2. Redistributions in binary form must reproduce the above copyright notice,
  19:tmk_core/protocol/arm_atsam/usb/udi_hid.c ****  *    this list of conditions and the following disclaimer in the documentation
  20:tmk_core/protocol/arm_atsam/usb/udi_hid.c ****  *    and/or other materials provided with the distribution.
  21:tmk_core/protocol/arm_atsam/usb/udi_hid.c ****  *
  22:tmk_core/protocol/arm_atsam/usb/udi_hid.c ****  * 3. The name of Atmel may not be used to endorse or promote products derived
  23:tmk_core/protocol/arm_atsam/usb/udi_hid.c ****  *    from this software without specific prior written permission.
  24:tmk_core/protocol/arm_atsam/usb/udi_hid.c ****  *
  25:tmk_core/protocol/arm_atsam/usb/udi_hid.c ****  * 4. This software may only be redistributed and used in connection with an
  26:tmk_core/protocol/arm_atsam/usb/udi_hid.c ****  *    Atmel microcontroller product.
  27:tmk_core/protocol/arm_atsam/usb/udi_hid.c ****  *
  28:tmk_core/protocol/arm_atsam/usb/udi_hid.c ****  * THIS SOFTWARE IS PROVIDED BY ATMEL "AS IS" AND ANY EXPRESS OR IMPLIED
  29:tmk_core/protocol/arm_atsam/usb/udi_hid.c ****  * WARRANTIES, INCLUDING, BUT NOT LIMITED TO, THE IMPLIED WARRANTIES OF
  30:tmk_core/protocol/arm_atsam/usb/udi_hid.c ****  * MERCHANTABILITY, FITNESS FOR A PARTICULAR PURPOSE AND NON-INFRINGEMENT ARE
  31:tmk_core/protocol/arm_atsam/usb/udi_hid.c ****  * EXPRESSLY AND SPECIFICALLY DISCLAIMED. IN NO EVENT SHALL ATMEL BE LIABLE FOR
  32:tmk_core/protocol/arm_atsam/usb/udi_hid.c ****  * ANY DIRECT, INDIRECT, INCIDENTAL, SPECIAL, EXEMPLARY, OR CONSEQUENTIAL
  33:tmk_core/protocol/arm_atsam/usb/udi_hid.c ****  * DAMAGES (INCLUDING, BUT NOT LIMITED TO, PROCUREMENT OF SUBSTITUTE GOODS
  34:tmk_core/protocol/arm_atsam/usb/udi_hid.c ****  * OR SERVICES; LOSS OF USE, DATA, OR PROFITS; OR BUSINESS INTERRUPTION)
  35:tmk_core/protocol/arm_atsam/usb/udi_hid.c ****  * HOWEVER CAUSED AND ON ANY THEORY OF LIABILITY, WHETHER IN CONTRACT,
  36:tmk_core/protocol/arm_atsam/usb/udi_hid.c ****  * STRICT LIABILITY, OR TORT (INCLUDING NEGLIGENCE OR OTHERWISE) ARISING IN
  37:tmk_core/protocol/arm_atsam/usb/udi_hid.c ****  * ANY WAY OUT OF THE USE OF THIS SOFTWARE, EVEN IF ADVISED OF THE
  38:tmk_core/protocol/arm_atsam/usb/udi_hid.c ****  * POSSIBILITY OF SUCH DAMAGE.
  39:tmk_core/protocol/arm_atsam/usb/udi_hid.c ****  *
  40:tmk_core/protocol/arm_atsam/usb/udi_hid.c ****  * \asf_license_stop
  41:tmk_core/protocol/arm_atsam/usb/udi_hid.c ****  *
  42:tmk_core/protocol/arm_atsam/usb/udi_hid.c ****  */
  43:tmk_core/protocol/arm_atsam/usb/udi_hid.c **** /*
  44:tmk_core/protocol/arm_atsam/usb/udi_hid.c ****  * Support and FAQ: visit <a href="http://www.atmel.com/design-support/">Atmel Support</a>
  45:tmk_core/protocol/arm_atsam/usb/udi_hid.c ****  */
  46:tmk_core/protocol/arm_atsam/usb/udi_hid.c **** 
  47:tmk_core/protocol/arm_atsam/usb/udi_hid.c **** #include "conf_usb.h"
  48:tmk_core/protocol/arm_atsam/usb/udi_hid.c **** #include "usb_protocol.h"
  49:tmk_core/protocol/arm_atsam/usb/udi_hid.c **** #include "udd.h"
  50:tmk_core/protocol/arm_atsam/usb/udi_hid.c **** #include "udc.h"
  51:tmk_core/protocol/arm_atsam/usb/udi_hid.c **** #include "udi_hid.h"
  52:tmk_core/protocol/arm_atsam/usb/udi_hid.c **** 
  53:tmk_core/protocol/arm_atsam/usb/udi_hid.c **** /**
  54:tmk_core/protocol/arm_atsam/usb/udi_hid.c ****  * \ingroup udi_hid_group
  55:tmk_core/protocol/arm_atsam/usb/udi_hid.c ****  * \defgroup udi_hid_group_internal Implementation of HID common library
  56:tmk_core/protocol/arm_atsam/usb/udi_hid.c ****  * @{
  57:tmk_core/protocol/arm_atsam/usb/udi_hid.c ****  */
  58:tmk_core/protocol/arm_atsam/usb/udi_hid.c **** 
  59:tmk_core/protocol/arm_atsam/usb/udi_hid.c **** /**
  60:tmk_core/protocol/arm_atsam/usb/udi_hid.c ****  * \brief Send the specific descriptors requested by SETUP request
  61:tmk_core/protocol/arm_atsam/usb/udi_hid.c ****  *
  62:tmk_core/protocol/arm_atsam/usb/udi_hid.c ****  * \retval true if the descriptor is supported
  63:tmk_core/protocol/arm_atsam/usb/udi_hid.c ****  */
  64:tmk_core/protocol/arm_atsam/usb/udi_hid.c **** static bool udi_hid_reqstdifaceget_descriptor(uint8_t *report_desc);
  65:tmk_core/protocol/arm_atsam/usb/udi_hid.c **** 
  66:tmk_core/protocol/arm_atsam/usb/udi_hid.c **** bool udi_hid_setup(uint8_t *rate, uint8_t *protocol, uint8_t *report_desc, bool (*setup_report)(voi
  30              		.loc 1 66 104 view -0
  31              		.cfi_startproc
  32              		@ args = 0, pretend = 0, frame = 0
  33              		@ frame_needed = 0, uses_anonymous_args = 0
  67:tmk_core/protocol/arm_atsam/usb/udi_hid.c ****     if (Udd_setup_is_in()) {
  34              		.loc 1 67 5 view .LVU1
  66:tmk_core/protocol/arm_atsam/usb/udi_hid.c ****     if (Udd_setup_is_in()) {
  35              		.loc 1 66 104 is_stmt 0 view .LVU2
  36 0000 2DE9F041 		push	{r4, r5, r6, r7, r8, lr}
  37              		.cfi_def_cfa_offset 24
  38              		.cfi_offset 4, -24
  39              		.cfi_offset 5, -20
  40              		.cfi_offset 6, -16
  41              		.cfi_offset 7, -12
  42              		.cfi_offset 8, -8
  43              		.cfi_offset 14, -4
  44              		.loc 1 67 9 view .LVU3
  45 0004 264C     		ldr	r4, .L21
  46 0006 2678     		ldrb	r6, [r4]	@ zero_extendqisi2
  66:tmk_core/protocol/arm_atsam/usb/udi_hid.c ****     if (Udd_setup_is_in()) {
  47              		.loc 1 66 104 view .LVU4
  48 0008 1746     		mov	r7, r2
  49              		.loc 1 67 8 view .LVU5
  50 000a 3206     		lsls	r2, r6, #24
  51              	.LVL1:
  52              		.loc 1 67 8 view .LVU6
  53 000c 06F06005 		and	r5, r6, #96
  54 0010 33D5     		bpl	.L2
  68:tmk_core/protocol/arm_atsam/usb/udi_hid.c ****         // Requests Interface GET
  69:tmk_core/protocol/arm_atsam/usb/udi_hid.c ****         if (Udd_setup_type() == USB_REQ_TYPE_STANDARD) {
  55              		.loc 1 69 9 is_stmt 1 view .LVU7
  56              		.loc 1 69 12 is_stmt 0 view .LVU8
  57 0012 FDB9     		cbnz	r5, .L3
  70:tmk_core/protocol/arm_atsam/usb/udi_hid.c ****             // Requests Standard Interface Get
  71:tmk_core/protocol/arm_atsam/usb/udi_hid.c ****             switch (udd_g_ctrlreq.req.bRequest) {
  58              		.loc 1 71 13 is_stmt 1 view .LVU9
  59 0014 6378     		ldrb	r3, [r4, #1]	@ zero_extendqisi2
  60              	.LVL2:
  61              		.loc 1 71 13 is_stmt 0 view .LVU10
  62 0016 062B     		cmp	r3, #6
  63 0018 01D0     		beq	.L4
  64              	.LVL3:
  65              	.L13:
  72:tmk_core/protocol/arm_atsam/usb/udi_hid.c ****                 case USB_REQ_GET_DESCRIPTOR:
  73:tmk_core/protocol/arm_atsam/usb/udi_hid.c ****                     return udi_hid_reqstdifaceget_descriptor(report_desc);
  74:tmk_core/protocol/arm_atsam/usb/udi_hid.c ****             }
  75:tmk_core/protocol/arm_atsam/usb/udi_hid.c ****         }
  76:tmk_core/protocol/arm_atsam/usb/udi_hid.c ****         if (Udd_setup_type() == USB_REQ_TYPE_CLASS) {
  77:tmk_core/protocol/arm_atsam/usb/udi_hid.c ****             // Requests Class Interface Get
  78:tmk_core/protocol/arm_atsam/usb/udi_hid.c ****             switch (udd_g_ctrlreq.req.bRequest) {
  79:tmk_core/protocol/arm_atsam/usb/udi_hid.c ****                 case USB_REQ_HID_GET_REPORT:
  80:tmk_core/protocol/arm_atsam/usb/udi_hid.c ****                     return setup_report();
  81:tmk_core/protocol/arm_atsam/usb/udi_hid.c **** 
  82:tmk_core/protocol/arm_atsam/usb/udi_hid.c ****                 case USB_REQ_HID_GET_IDLE:
  83:tmk_core/protocol/arm_atsam/usb/udi_hid.c ****                     udd_g_ctrlreq.payload      = rate;
  84:tmk_core/protocol/arm_atsam/usb/udi_hid.c ****                     udd_g_ctrlreq.payload_size = 1;
  85:tmk_core/protocol/arm_atsam/usb/udi_hid.c ****                     return true;
  86:tmk_core/protocol/arm_atsam/usb/udi_hid.c **** 
  87:tmk_core/protocol/arm_atsam/usb/udi_hid.c ****                 case USB_REQ_HID_GET_PROTOCOL:
  88:tmk_core/protocol/arm_atsam/usb/udi_hid.c ****                     udd_g_ctrlreq.payload      = protocol;
  89:tmk_core/protocol/arm_atsam/usb/udi_hid.c ****                     udd_g_ctrlreq.payload_size = 1;
  90:tmk_core/protocol/arm_atsam/usb/udi_hid.c ****                     return true;
  91:tmk_core/protocol/arm_atsam/usb/udi_hid.c ****             }
  92:tmk_core/protocol/arm_atsam/usb/udi_hid.c ****         }
  93:tmk_core/protocol/arm_atsam/usb/udi_hid.c ****     }
  94:tmk_core/protocol/arm_atsam/usb/udi_hid.c ****     if (Udd_setup_is_out()) {
  95:tmk_core/protocol/arm_atsam/usb/udi_hid.c ****         // Requests Interface SET
  96:tmk_core/protocol/arm_atsam/usb/udi_hid.c ****         if (Udd_setup_type() == USB_REQ_TYPE_CLASS) {
  97:tmk_core/protocol/arm_atsam/usb/udi_hid.c ****             // Requests Class Interface Set
  98:tmk_core/protocol/arm_atsam/usb/udi_hid.c ****             switch (udd_g_ctrlreq.req.bRequest) {
  99:tmk_core/protocol/arm_atsam/usb/udi_hid.c ****                 case USB_REQ_HID_SET_REPORT:
 100:tmk_core/protocol/arm_atsam/usb/udi_hid.c ****                     return setup_report();
 101:tmk_core/protocol/arm_atsam/usb/udi_hid.c **** 
 102:tmk_core/protocol/arm_atsam/usb/udi_hid.c ****                 case USB_REQ_HID_SET_IDLE:
 103:tmk_core/protocol/arm_atsam/usb/udi_hid.c ****                     *rate = udd_g_ctrlreq.req.wValue >> 8;
 104:tmk_core/protocol/arm_atsam/usb/udi_hid.c ****                     return true;
 105:tmk_core/protocol/arm_atsam/usb/udi_hid.c **** 
 106:tmk_core/protocol/arm_atsam/usb/udi_hid.c ****                 case USB_REQ_HID_SET_PROTOCOL:
 107:tmk_core/protocol/arm_atsam/usb/udi_hid.c ****                     if (0 != udd_g_ctrlreq.req.wLength) return false;
 108:tmk_core/protocol/arm_atsam/usb/udi_hid.c ****                     *protocol = udd_g_ctrlreq.req.wValue;
 109:tmk_core/protocol/arm_atsam/usb/udi_hid.c ****                     return true;
 110:tmk_core/protocol/arm_atsam/usb/udi_hid.c ****             }
 111:tmk_core/protocol/arm_atsam/usb/udi_hid.c ****         }
 112:tmk_core/protocol/arm_atsam/usb/udi_hid.c ****     }
 113:tmk_core/protocol/arm_atsam/usb/udi_hid.c ****     return false;  // Request not supported
  66              		.loc 1 113 12 view .LVU11
  67 001a 0020     		movs	r0, #0
  68 001c 29E0     		b	.L5
  69              	.LVL4:
  70              	.L4:
  73:tmk_core/protocol/arm_atsam/usb/udi_hid.c ****             }
  71              		.loc 1 73 21 is_stmt 1 view .LVU12
  72              	.LBB4:
  73              	.LBI4:
 114:tmk_core/protocol/arm_atsam/usb/udi_hid.c **** }
 115:tmk_core/protocol/arm_atsam/usb/udi_hid.c **** 
 116:tmk_core/protocol/arm_atsam/usb/udi_hid.c **** //---------------------------------------------
 117:tmk_core/protocol/arm_atsam/usb/udi_hid.c **** //------- Internal routines
 118:tmk_core/protocol/arm_atsam/usb/udi_hid.c **** 
 119:tmk_core/protocol/arm_atsam/usb/udi_hid.c **** static bool udi_hid_reqstdifaceget_descriptor(uint8_t *report_desc) {
  74              		.loc 1 119 13 view .LVU13
  75              	.LBB5:
 120:tmk_core/protocol/arm_atsam/usb/udi_hid.c ****     usb_hid_descriptor_t UDC_DESC_STORAGE *ptr_hid_desc;
  76              		.loc 1 120 5 view .LVU14
 121:tmk_core/protocol/arm_atsam/usb/udi_hid.c **** 
 122:tmk_core/protocol/arm_atsam/usb/udi_hid.c ****     // Get the USB descriptor which is located after the interface descriptor
 123:tmk_core/protocol/arm_atsam/usb/udi_hid.c ****     // This descriptor must be the HID descriptor
 124:tmk_core/protocol/arm_atsam/usb/udi_hid.c ****     ptr_hid_desc = (usb_hid_descriptor_t UDC_DESC_STORAGE *)((uint8_t *)udc_get_interface_desc() + 
  77              		.loc 1 124 5 view .LVU15
  78              		.loc 1 124 73 is_stmt 0 view .LVU16
  79 001e FFF7FEFF 		bl	udc_get_interface_desc
  80              	.LVL5:
 125:tmk_core/protocol/arm_atsam/usb/udi_hid.c ****     if (USB_DT_HID != ptr_hid_desc->bDescriptorType) return false;
  81              		.loc 1 125 5 is_stmt 1 view .LVU17
  82              		.loc 1 125 8 is_stmt 0 view .LVU18
  83 0022 837A     		ldrb	r3, [r0, #10]	@ zero_extendqisi2
  84 0024 212B     		cmp	r3, #33
  85 0026 F8D1     		bne	.L13
 126:tmk_core/protocol/arm_atsam/usb/udi_hid.c **** 
 127:tmk_core/protocol/arm_atsam/usb/udi_hid.c ****     // The SETUP request can ask for:
 128:tmk_core/protocol/arm_atsam/usb/udi_hid.c ****     // - an USB_DT_HID descriptor
 129:tmk_core/protocol/arm_atsam/usb/udi_hid.c ****     // - or USB_DT_HID_REPORT descriptor
 130:tmk_core/protocol/arm_atsam/usb/udi_hid.c ****     // - or USB_DT_HID_PHYSICAL descriptor
 131:tmk_core/protocol/arm_atsam/usb/udi_hid.c ****     if (USB_DT_HID == (uint8_t)(udd_g_ctrlreq.req.wValue >> 8)) {
  86              		.loc 1 131 5 is_stmt 1 view .LVU19
  87              		.loc 1 131 23 is_stmt 0 view .LVU20
  88 0028 6388     		ldrh	r3, [r4, #2]
  89 002a 1B0A     		lsrs	r3, r3, #8
  90              		.loc 1 131 8 view .LVU21
  91 002c 212B     		cmp	r3, #33
  92              		.loc 1 131 23 view .LVU22
  93 002e DAB2     		uxtb	r2, r3
  94              		.loc 1 131 8 view .LVU23
  95 0030 0AD1     		bne	.L7
 132:tmk_core/protocol/arm_atsam/usb/udi_hid.c ****         // USB_DT_HID descriptor requested then send it
 133:tmk_core/protocol/arm_atsam/usb/udi_hid.c ****         udd_g_ctrlreq.payload      = (uint8_t *)ptr_hid_desc;
  96              		.loc 1 133 9 is_stmt 1 view .LVU24
 124:tmk_core/protocol/arm_atsam/usb/udi_hid.c ****     if (USB_DT_HID != ptr_hid_desc->bDescriptorType) return false;
  97              		.loc 1 124 18 is_stmt 0 view .LVU25
  98 0032 00F10903 		add	r3, r0, #9
  99              	.LVL6:
 100              		.loc 1 133 36 view .LVU26
 101 0036 A360     		str	r3, [r4, #8]
 134:tmk_core/protocol/arm_atsam/usb/udi_hid.c ****         udd_g_ctrlreq.payload_size = min(udd_g_ctrlreq.req.wLength, ptr_hid_desc->bLength);
 102              		.loc 1 134 9 is_stmt 1 view .LVU27
 103              		.loc 1 134 36 is_stmt 0 view .LVU28
 104 0038 437A     		ldrb	r3, [r0, #9]	@ zero_extendqisi2
 105              	.LVL7:
 106              	.L19:
 135:tmk_core/protocol/arm_atsam/usb/udi_hid.c ****         return true;
 136:tmk_core/protocol/arm_atsam/usb/udi_hid.c ****     }
 137:tmk_core/protocol/arm_atsam/usb/udi_hid.c ****     // The HID_X descriptor requested must correspond to report type
 138:tmk_core/protocol/arm_atsam/usb/udi_hid.c ****     // included in the HID descriptor
 139:tmk_core/protocol/arm_atsam/usb/udi_hid.c ****     if (ptr_hid_desc->bRDescriptorType == (uint8_t)(udd_g_ctrlreq.req.wValue >> 8)) {
 140:tmk_core/protocol/arm_atsam/usb/udi_hid.c ****         // Send HID Report descriptor given by high level
 141:tmk_core/protocol/arm_atsam/usb/udi_hid.c ****         udd_g_ctrlreq.payload      = report_desc;
 142:tmk_core/protocol/arm_atsam/usb/udi_hid.c ****         udd_g_ctrlreq.payload_size = min(udd_g_ctrlreq.req.wLength, le16_to_cpu(ptr_hid_desc->wDesc
 107              		.loc 1 142 38 view .LVU29
 108 003a E288     		ldrh	r2, [r4, #6]
 109 003c 9342     		cmp	r3, r2
 110 003e 28BF     		it	cs
 111 0040 1346     		movcs	r3, r2
 112              		.loc 1 142 36 view .LVU30
 113 0042 A381     		strh	r3, [r4, #12]	@ movhi
 143:tmk_core/protocol/arm_atsam/usb/udi_hid.c ****         return true;
 114              		.loc 1 143 9 is_stmt 1 view .LVU31
 115              	.LVL8:
 116              	.L17:
 117              		.loc 1 143 9 is_stmt 0 view .LVU32
 118              	.LBE5:
 119              	.LBE4:
 109:tmk_core/protocol/arm_atsam/usb/udi_hid.c ****             }
 120              		.loc 1 109 21 is_stmt 1 view .LVU33
 109:tmk_core/protocol/arm_atsam/usb/udi_hid.c ****             }
 121              		.loc 1 109 28 is_stmt 0 view .LVU34
 122 0044 0120     		movs	r0, #1
 123 0046 14E0     		b	.L5
 124              	.LVL9:
 125              	.L7:
 126              	.LBB7:
 127              	.LBB6:
 139:tmk_core/protocol/arm_atsam/usb/udi_hid.c ****         // Send HID Report descriptor given by high level
 128              		.loc 1 139 5 is_stmt 1 view .LVU35
 139:tmk_core/protocol/arm_atsam/usb/udi_hid.c ****         // Send HID Report descriptor given by high level
 129              		.loc 1 139 8 is_stmt 0 view .LVU36
 130 0048 C37B     		ldrb	r3, [r0, #15]	@ zero_extendqisi2
 131 004a 9342     		cmp	r3, r2
 132 004c E5D1     		bne	.L13
 141:tmk_core/protocol/arm_atsam/usb/udi_hid.c ****         udd_g_ctrlreq.payload_size = min(udd_g_ctrlreq.req.wLength, le16_to_cpu(ptr_hid_desc->wDesc
 133              		.loc 1 141 9 is_stmt 1 view .LVU37
 141:tmk_core/protocol/arm_atsam/usb/udi_hid.c ****         udd_g_ctrlreq.payload_size = min(udd_g_ctrlreq.req.wLength, le16_to_cpu(ptr_hid_desc->wDesc
 134              		.loc 1 141 36 is_stmt 0 view .LVU38
 135 004e A760     		str	r7, [r4, #8]
 142:tmk_core/protocol/arm_atsam/usb/udi_hid.c ****         return true;
 136              		.loc 1 142 9 is_stmt 1 view .LVU39
 142:tmk_core/protocol/arm_atsam/usb/udi_hid.c ****         return true;
 137              		.loc 1 142 38 is_stmt 0 view .LVU40
 138 0050 038A     		ldrh	r3, [r0, #16]	@ unaligned
 139 0052 F2E7     		b	.L19
 140              	.LVL10:
 141              	.L3:
 142:tmk_core/protocol/arm_atsam/usb/udi_hid.c ****         return true;
 142              		.loc 1 142 38 view .LVU41
 143              	.LBE6:
 144              	.LBE7:
  76:tmk_core/protocol/arm_atsam/usb/udi_hid.c ****             // Requests Class Interface Get
 145              		.loc 1 76 9 is_stmt 1 view .LVU42
  76:tmk_core/protocol/arm_atsam/usb/udi_hid.c ****             // Requests Class Interface Get
 146              		.loc 1 76 12 is_stmt 0 view .LVU43
 147 0054 202D     		cmp	r5, #32
 148 0056 E0D1     		bne	.L13
  78:tmk_core/protocol/arm_atsam/usb/udi_hid.c ****                 case USB_REQ_HID_GET_REPORT:
 149              		.loc 1 78 13 is_stmt 1 view .LVU44
  78:tmk_core/protocol/arm_atsam/usb/udi_hid.c ****                 case USB_REQ_HID_GET_REPORT:
 150              		.loc 1 78 38 is_stmt 0 view .LVU45
 151 0058 6278     		ldrb	r2, [r4, #1]	@ zero_extendqisi2
  78:tmk_core/protocol/arm_atsam/usb/udi_hid.c ****                 case USB_REQ_HID_GET_REPORT:
 152              		.loc 1 78 13 view .LVU46
 153 005a 022A     		cmp	r2, #2
 154 005c 06D0     		beq	.L8
 155 005e 032A     		cmp	r2, #3
 156 0060 09D0     		beq	.L9
 157 0062 012A     		cmp	r2, #1
 158              	.L20:
  98:tmk_core/protocol/arm_atsam/usb/udi_hid.c ****                 case USB_REQ_HID_SET_REPORT:
 159              		.loc 1 98 13 view .LVU47
 160 0064 D9D1     		bne	.L13
  80:tmk_core/protocol/arm_atsam/usb/udi_hid.c **** 
 161              		.loc 1 80 21 is_stmt 1 view .LVU48
 114:tmk_core/protocol/arm_atsam/usb/udi_hid.c **** 
 162              		.loc 1 114 1 is_stmt 0 view .LVU49
 163 0066 BDE8F041 		pop	{r4, r5, r6, r7, r8, lr}
 164              		.cfi_remember_state
 165              		.cfi_restore 14
 166              		.cfi_restore 8
 167              		.cfi_restore 7
 168              		.cfi_restore 6
 169              		.cfi_restore 5
 170              		.cfi_restore 4
 171              		.cfi_def_cfa_offset 0
 172              	.LVL11:
  80:tmk_core/protocol/arm_atsam/usb/udi_hid.c **** 
 173              		.loc 1 80 28 view .LVU50
 174 006a 1847     		bx	r3
 175              	.LVL12:
 176              	.L8:
 177              		.cfi_restore_state
  83:tmk_core/protocol/arm_atsam/usb/udi_hid.c ****                     udd_g_ctrlreq.payload_size = 1;
 178              		.loc 1 83 21 is_stmt 1 view .LVU51
  83:tmk_core/protocol/arm_atsam/usb/udi_hid.c ****                     udd_g_ctrlreq.payload_size = 1;
 179              		.loc 1 83 48 is_stmt 0 view .LVU52
 180 006c A060     		str	r0, [r4, #8]
  84:tmk_core/protocol/arm_atsam/usb/udi_hid.c ****                     return true;
 181              		.loc 1 84 21 is_stmt 1 view .LVU53
 182              	.L18:
  89:tmk_core/protocol/arm_atsam/usb/udi_hid.c ****                     return true;
 183              		.loc 1 89 21 view .LVU54
  89:tmk_core/protocol/arm_atsam/usb/udi_hid.c ****                     return true;
 184              		.loc 1 89 48 is_stmt 0 view .LVU55
 185 006e 0120     		movs	r0, #1
 186              	.LVL13:
  89:tmk_core/protocol/arm_atsam/usb/udi_hid.c ****                     return true;
 187              		.loc 1 89 48 view .LVU56
 188 0070 A081     		strh	r0, [r4, #12]	@ movhi
  90:tmk_core/protocol/arm_atsam/usb/udi_hid.c ****             }
 189              		.loc 1 90 21 is_stmt 1 view .LVU57
 190              	.LVL14:
 191              	.L5:
 114:tmk_core/protocol/arm_atsam/usb/udi_hid.c **** 
 192              		.loc 1 114 1 is_stmt 0 view .LVU58
 193 0072 BDE8F081 		pop	{r4, r5, r6, r7, r8, pc}
 194              	.LVL15:
 195              	.L9:
  88:tmk_core/protocol/arm_atsam/usb/udi_hid.c ****                     udd_g_ctrlreq.payload_size = 1;
 196              		.loc 1 88 21 is_stmt 1 view .LVU59
  88:tmk_core/protocol/arm_atsam/usb/udi_hid.c ****                     udd_g_ctrlreq.payload_size = 1;
 197              		.loc 1 88 48 is_stmt 0 view .LVU60
 198 0076 A160     		str	r1, [r4, #8]
 199 0078 F9E7     		b	.L18
 200              	.L2:
  96:tmk_core/protocol/arm_atsam/usb/udi_hid.c ****             // Requests Class Interface Set
 201              		.loc 1 96 9 is_stmt 1 view .LVU61
  96:tmk_core/protocol/arm_atsam/usb/udi_hid.c ****             // Requests Class Interface Set
 202              		.loc 1 96 12 is_stmt 0 view .LVU62
 203 007a 202D     		cmp	r5, #32
 204 007c CDD1     		bne	.L13
  98:tmk_core/protocol/arm_atsam/usb/udi_hid.c ****                 case USB_REQ_HID_SET_REPORT:
 205              		.loc 1 98 13 is_stmt 1 view .LVU63
  98:tmk_core/protocol/arm_atsam/usb/udi_hid.c ****                 case USB_REQ_HID_SET_REPORT:
 206              		.loc 1 98 38 is_stmt 0 view .LVU64
 207 007e 6278     		ldrb	r2, [r4, #1]	@ zero_extendqisi2
  98:tmk_core/protocol/arm_atsam/usb/udi_hid.c ****                 case USB_REQ_HID_SET_REPORT:
 208              		.loc 1 98 13 view .LVU65
 209 0080 0A2A     		cmp	r2, #10
 210 0082 03D0     		beq	.L10
 211 0084 0B2A     		cmp	r2, #11
 212 0086 05D0     		beq	.L11
 213 0088 092A     		cmp	r2, #9
 214 008a EBE7     		b	.L20
 215              	.L10:
 103:tmk_core/protocol/arm_atsam/usb/udi_hid.c ****                     return true;
 216              		.loc 1 103 21 is_stmt 1 view .LVU66
 103:tmk_core/protocol/arm_atsam/usb/udi_hid.c ****                     return true;
 217              		.loc 1 103 27 is_stmt 0 view .LVU67
 218 008c 6388     		ldrh	r3, [r4, #2]
 219              	.LVL16:
 103:tmk_core/protocol/arm_atsam/usb/udi_hid.c ****                     return true;
 220              		.loc 1 103 27 view .LVU68
 221 008e 1B0A     		lsrs	r3, r3, #8
 222 0090 0370     		strb	r3, [r0]
 104:tmk_core/protocol/arm_atsam/usb/udi_hid.c **** 
 223              		.loc 1 104 21 is_stmt 1 view .LVU69
 224 0092 D7E7     		b	.L17
 225              	.LVL17:
 226              	.L11:
 107:tmk_core/protocol/arm_atsam/usb/udi_hid.c ****                     *protocol = udd_g_ctrlreq.req.wValue;
 227              		.loc 1 107 21 view .LVU70
 107:tmk_core/protocol/arm_atsam/usb/udi_hid.c ****                     *protocol = udd_g_ctrlreq.req.wValue;
 228              		.loc 1 107 24 is_stmt 0 view .LVU71
 229 0094 E388     		ldrh	r3, [r4, #6]
 230              	.LVL18:
 107:tmk_core/protocol/arm_atsam/usb/udi_hid.c ****                     *protocol = udd_g_ctrlreq.req.wValue;
 231              		.loc 1 107 24 view .LVU72
 232 0096 002B     		cmp	r3, #0
 233 0098 BFD1     		bne	.L13
 108:tmk_core/protocol/arm_atsam/usb/udi_hid.c ****                     return true;
 234              		.loc 1 108 21 is_stmt 1 view .LVU73
 108:tmk_core/protocol/arm_atsam/usb/udi_hid.c ****                     return true;
 235              		.loc 1 108 31 is_stmt 0 view .LVU74
 236 009a 6388     		ldrh	r3, [r4, #2]
 237 009c 0B70     		strb	r3, [r1]
 238 009e D1E7     		b	.L17
 239              	.L22:
 240              		.align	2
 241              	.L21:
 242 00a0 00000000 		.word	udd_g_ctrlreq
 243              		.cfi_endproc
 244              	.LFE14:
 246              		.text
 247              	.Letext0:
 248              		.file 2 "/usr/local/Cellar/arm-gcc-bin@8/8-2019-q3-update/arm-none-eabi/include/machine/_default_t
 249              		.file 3 "/usr/local/Cellar/arm-gcc-bin@8/8-2019-q3-update/lib/gcc/arm-none-eabi/8.3.1/include/stdd
 250              		.file 4 "/usr/local/Cellar/arm-gcc-bin@8/8-2019-q3-update/arm-none-eabi/include/sys/_types.h"
 251              		.file 5 "/usr/local/Cellar/arm-gcc-bin@8/8-2019-q3-update/arm-none-eabi/include/sys/reent.h"
 252              		.file 6 "/usr/local/Cellar/arm-gcc-bin@8/8-2019-q3-update/arm-none-eabi/include/sys/lock.h"
 253              		.file 7 "/usr/local/Cellar/arm-gcc-bin@8/8-2019-q3-update/arm-none-eabi/include/sys/_stdint.h"
 254              		.file 8 "/usr/local/Cellar/arm-gcc-bin@8/8-2019-q3-update/arm-none-eabi/include/stdlib.h"
 255              		.file 9 "tmk_core/protocol/arm_atsam/usb/compiler.h"
 256              		.file 10 "tmk_core/protocol/arm_atsam/usb/usb_protocol.h"
 257              		.file 11 "tmk_core/protocol/arm_atsam/usb/usb_protocol_hid.h"
 258              		.file 12 "tmk_core/protocol/arm_atsam/usb/udi_device_conf.h"
 259              		.file 13 "tmk_core/protocol/arm_atsam/usb/udi.h"
 260              		.file 14 "tmk_core/protocol/arm_atsam/usb/udc_desc.h"
 261              		.file 15 "tmk_core/protocol/arm_atsam/usb/udi_hid_kbd.h"
 262              		.file 16 "tmk_core/protocol/arm_atsam/usb/usb_main.h"
 263              		.file 17 "tmk_core/protocol/arm_atsam/usb/udd.h"
 264              		.file 18 "tmk_core/protocol/arm_atsam/usb/udc.h"
DEFINED SYMBOLS
                            *ABS*:0000000000000000 udi_hid.c
/var/folders/z4/wxlp73js78g02fcv9dbq6g8h0000gn/T//ccONt56C.s:18     .text.udi_hid_setup:0000000000000000 $t
/var/folders/z4/wxlp73js78g02fcv9dbq6g8h0000gn/T//ccONt56C.s:26     .text.udi_hid_setup:0000000000000000 udi_hid_setup
/var/folders/z4/wxlp73js78g02fcv9dbq6g8h0000gn/T//ccONt56C.s:242    .text.udi_hid_setup:00000000000000a0 $d

UNDEFINED SYMBOLS
udc_get_interface_desc
udd_g_ctrlreq
