   1              		.cpu cortex-m4
   2              		.eabi_attribute 27, 1
   3              		.eabi_attribute 28, 1
   4              		.eabi_attribute 20, 1
   5              		.eabi_attribute 21, 1
   6              		.eabi_attribute 23, 3
   7              		.eabi_attribute 24, 1
   8              		.eabi_attribute 25, 1
   9              		.eabi_attribute 26, 1
  10              		.eabi_attribute 30, 4
  11              		.eabi_attribute 34, 1
  12              		.eabi_attribute 18, 4
  13              		.file	"ui.c"
  14              		.text
  15              	.Ltext0:
  16              		.cfi_sections	.debug_frame
  17              		.section	.text.ui_init,"ax",%progbits
  18              		.align	1
  19              		.global	ui_init
  20              		.arch armv7e-m
  21              		.syntax unified
  22              		.thumb
  23              		.thumb_func
  24              		.fpu fpv4-sp-d16
  26              	ui_init:
  27              	.LFB123:
  28              		.file 1 "tmk_core/protocol/arm_atsam/usb/ui.c"
   1:tmk_core/protocol/arm_atsam/usb/ui.c **** /**
   2:tmk_core/protocol/arm_atsam/usb/ui.c ****  * \file
   3:tmk_core/protocol/arm_atsam/usb/ui.c ****  *
   4:tmk_core/protocol/arm_atsam/usb/ui.c ****  * \brief User Interface
   5:tmk_core/protocol/arm_atsam/usb/ui.c ****  *
   6:tmk_core/protocol/arm_atsam/usb/ui.c ****  * Copyright (c) 2014-2015 Atmel Corporation. All rights reserved.
   7:tmk_core/protocol/arm_atsam/usb/ui.c ****  *
   8:tmk_core/protocol/arm_atsam/usb/ui.c ****  * \asf_license_start
   9:tmk_core/protocol/arm_atsam/usb/ui.c ****  *
  10:tmk_core/protocol/arm_atsam/usb/ui.c ****  * \page License
  11:tmk_core/protocol/arm_atsam/usb/ui.c ****  *
  12:tmk_core/protocol/arm_atsam/usb/ui.c ****  * Redistribution and use in source and binary forms, with or without
  13:tmk_core/protocol/arm_atsam/usb/ui.c ****  * modification, are permitted provided that the following conditions are met:
  14:tmk_core/protocol/arm_atsam/usb/ui.c ****  *
  15:tmk_core/protocol/arm_atsam/usb/ui.c ****  * 1. Redistributions of source code must retain the above copyright notice,
  16:tmk_core/protocol/arm_atsam/usb/ui.c ****  *    this list of conditions and the following disclaimer.
  17:tmk_core/protocol/arm_atsam/usb/ui.c ****  *
  18:tmk_core/protocol/arm_atsam/usb/ui.c ****  * 2. Redistributions in binary form must reproduce the above copyright notice,
  19:tmk_core/protocol/arm_atsam/usb/ui.c ****  *    this list of conditions and the following disclaimer in the documentation
  20:tmk_core/protocol/arm_atsam/usb/ui.c ****  *    and/or other materials provided with the distribution.
  21:tmk_core/protocol/arm_atsam/usb/ui.c ****  *
  22:tmk_core/protocol/arm_atsam/usb/ui.c ****  * 3. The name of Atmel may not be used to endorse or promote products derived
  23:tmk_core/protocol/arm_atsam/usb/ui.c ****  *    from this software without specific prior written permission.
  24:tmk_core/protocol/arm_atsam/usb/ui.c ****  *
  25:tmk_core/protocol/arm_atsam/usb/ui.c ****  * 4. This software may only be redistributed and used in connection with an
  26:tmk_core/protocol/arm_atsam/usb/ui.c ****  *    Atmel microcontroller product.
  27:tmk_core/protocol/arm_atsam/usb/ui.c ****  *
  28:tmk_core/protocol/arm_atsam/usb/ui.c ****  * THIS SOFTWARE IS PROVIDED BY ATMEL "AS IS" AND ANY EXPRESS OR IMPLIED
  29:tmk_core/protocol/arm_atsam/usb/ui.c ****  * WARRANTIES, INCLUDING, BUT NOT LIMITED TO, THE IMPLIED WARRANTIES OF
  30:tmk_core/protocol/arm_atsam/usb/ui.c ****  * MERCHANTABILITY, FITNESS FOR A PARTICULAR PURPOSE AND NON-INFRINGEMENT ARE
  31:tmk_core/protocol/arm_atsam/usb/ui.c ****  * EXPRESSLY AND SPECIFICALLY DISCLAIMED. IN NO EVENT SHALL ATMEL BE LIABLE FOR
  32:tmk_core/protocol/arm_atsam/usb/ui.c ****  * ANY DIRECT, INDIRECT, INCIDENTAL, SPECIAL, EXEMPLARY, OR CONSEQUENTIAL
  33:tmk_core/protocol/arm_atsam/usb/ui.c ****  * DAMAGES (INCLUDING, BUT NOT LIMITED TO, PROCUREMENT OF SUBSTITUTE GOODS
  34:tmk_core/protocol/arm_atsam/usb/ui.c ****  * OR SERVICES; LOSS OF USE, DATA, OR PROFITS; OR BUSINESS INTERRUPTION)
  35:tmk_core/protocol/arm_atsam/usb/ui.c ****  * HOWEVER CAUSED AND ON ANY THEORY OF LIABILITY, WHETHER IN CONTRACT,
  36:tmk_core/protocol/arm_atsam/usb/ui.c ****  * STRICT LIABILITY, OR TORT (INCLUDING NEGLIGENCE OR OTHERWISE) ARISING IN
  37:tmk_core/protocol/arm_atsam/usb/ui.c ****  * ANY WAY OUT OF THE USE OF THIS SOFTWARE, EVEN IF ADVISED OF THE
  38:tmk_core/protocol/arm_atsam/usb/ui.c ****  * POSSIBILITY OF SUCH DAMAGE.
  39:tmk_core/protocol/arm_atsam/usb/ui.c ****  *
  40:tmk_core/protocol/arm_atsam/usb/ui.c ****  * \asf_license_stop
  41:tmk_core/protocol/arm_atsam/usb/ui.c ****  *
  42:tmk_core/protocol/arm_atsam/usb/ui.c ****  */
  43:tmk_core/protocol/arm_atsam/usb/ui.c **** /*
  44:tmk_core/protocol/arm_atsam/usb/ui.c ****  * Support and FAQ: visit <a href="http://www.atmel.com/design-support/">Atmel Support</a>
  45:tmk_core/protocol/arm_atsam/usb/ui.c ****  */
  46:tmk_core/protocol/arm_atsam/usb/ui.c **** 
  47:tmk_core/protocol/arm_atsam/usb/ui.c **** #ifndef ARM_MATH_CM4
  48:tmk_core/protocol/arm_atsam/usb/ui.c **** #    define ARM_MATH_CM4
  49:tmk_core/protocol/arm_atsam/usb/ui.c **** #endif
  50:tmk_core/protocol/arm_atsam/usb/ui.c **** 
  51:tmk_core/protocol/arm_atsam/usb/ui.c **** #undef LITTLE_ENDIAN  // redefined in samd51j18a.h
  52:tmk_core/protocol/arm_atsam/usb/ui.c **** #include "samd51j18a.h"
  53:tmk_core/protocol/arm_atsam/usb/ui.c **** #include "ui.h"
  54:tmk_core/protocol/arm_atsam/usb/ui.c **** 
  55:tmk_core/protocol/arm_atsam/usb/ui.c **** //! Sequence process running each \c SEQUENCE_PERIOD ms
  56:tmk_core/protocol/arm_atsam/usb/ui.c **** #define SEQUENCE_PERIOD 150
  57:tmk_core/protocol/arm_atsam/usb/ui.c **** 
  58:tmk_core/protocol/arm_atsam/usb/ui.c **** #if 0
  59:tmk_core/protocol/arm_atsam/usb/ui.c **** /* Interrupt on "pin change" from push button to do wakeup on USB
  60:tmk_core/protocol/arm_atsam/usb/ui.c ****  * Note:
  61:tmk_core/protocol/arm_atsam/usb/ui.c ****  * This interrupt is enable when the USB host enable remote wakeup feature
  62:tmk_core/protocol/arm_atsam/usb/ui.c ****  * This interrupt wakeup the CPU if this one is in idle mode
  63:tmk_core/protocol/arm_atsam/usb/ui.c ****  */
  64:tmk_core/protocol/arm_atsam/usb/ui.c **** static void ui_wakeup_handler(void)
  65:tmk_core/protocol/arm_atsam/usb/ui.c **** {
  66:tmk_core/protocol/arm_atsam/usb/ui.c ****     /* It is a wakeup then send wakeup USB */
  67:tmk_core/protocol/arm_atsam/usb/ui.c ****     udc_remotewakeup();
  68:tmk_core/protocol/arm_atsam/usb/ui.c **** }
  69:tmk_core/protocol/arm_atsam/usb/ui.c **** #endif
  70:tmk_core/protocol/arm_atsam/usb/ui.c **** 
  71:tmk_core/protocol/arm_atsam/usb/ui.c **** void ui_init(void) {}
  29              		.loc 1 71 20 view -0
  30              		.cfi_startproc
  31              		@ args = 0, pretend = 0, frame = 0
  32              		@ frame_needed = 0, uses_anonymous_args = 0
  33              		@ link register save eliminated.
  34              		.loc 1 71 21 view .LVU1
  35              		.loc 1 71 1 is_stmt 0 view .LVU2
  36 0000 7047     		bx	lr
  37              		.cfi_endproc
  38              	.LFE123:
  40              		.section	.text.ui_powerdown,"ax",%progbits
  41              		.align	1
  42              		.global	ui_powerdown
  43              		.syntax unified
  44              		.thumb
  45              		.thumb_func
  46              		.fpu fpv4-sp-d16
  48              	ui_powerdown:
  49              	.LFB131:
  50              		.cfi_startproc
  51              		@ args = 0, pretend = 0, frame = 0
  52              		@ frame_needed = 0, uses_anonymous_args = 0
  53              		@ link register save eliminated.
  54 0000 7047     		bx	lr
  55              		.cfi_endproc
  56              	.LFE131:
  58              		.section	.text.ui_wakeup_enable,"ax",%progbits
  59              		.align	1
  60              		.global	ui_wakeup_enable
  61              		.syntax unified
  62              		.thumb
  63              		.thumb_func
  64              		.fpu fpv4-sp-d16
  66              	ui_wakeup_enable:
  67              	.LFB133:
  68              		.cfi_startproc
  69              		@ args = 0, pretend = 0, frame = 0
  70              		@ frame_needed = 0, uses_anonymous_args = 0
  71              		@ link register save eliminated.
  72 0000 7047     		bx	lr
  73              		.cfi_endproc
  74              	.LFE133:
  76              		.section	.text.ui_wakeup_disable,"ax",%progbits
  77              		.align	1
  78              		.global	ui_wakeup_disable
  79              		.syntax unified
  80              		.thumb
  81              		.thumb_func
  82              		.fpu fpv4-sp-d16
  84              	ui_wakeup_disable:
  85              	.LFB135:
  86              		.cfi_startproc
  87              		@ args = 0, pretend = 0, frame = 0
  88              		@ frame_needed = 0, uses_anonymous_args = 0
  89              		@ link register save eliminated.
  90 0000 7047     		bx	lr
  91              		.cfi_endproc
  92              	.LFE135:
  94              		.section	.text.ui_wakeup,"ax",%progbits
  95              		.align	1
  96              		.global	ui_wakeup
  97              		.syntax unified
  98              		.thumb
  99              		.thumb_func
 100              		.fpu fpv4-sp-d16
 102              	ui_wakeup:
 103              	.LFB137:
 104              		.cfi_startproc
 105              		@ args = 0, pretend = 0, frame = 0
 106              		@ frame_needed = 0, uses_anonymous_args = 0
 107              		@ link register save eliminated.
 108 0000 7047     		bx	lr
 109              		.cfi_endproc
 110              	.LFE137:
 112              		.section	.text.ui_process,"ax",%progbits
 113              		.align	1
 114              		.global	ui_process
 115              		.syntax unified
 116              		.thumb
 117              		.thumb_func
 118              		.fpu fpv4-sp-d16
 120              	ui_process:
 121              	.LVL0:
 122              	.LFB128:
  72:tmk_core/protocol/arm_atsam/usb/ui.c **** 
  73:tmk_core/protocol/arm_atsam/usb/ui.c **** void ui_powerdown(void) {}
  74:tmk_core/protocol/arm_atsam/usb/ui.c **** 
  75:tmk_core/protocol/arm_atsam/usb/ui.c **** void ui_wakeup_enable(void) {}
  76:tmk_core/protocol/arm_atsam/usb/ui.c **** 
  77:tmk_core/protocol/arm_atsam/usb/ui.c **** void ui_wakeup_disable(void) {}
  78:tmk_core/protocol/arm_atsam/usb/ui.c **** 
  79:tmk_core/protocol/arm_atsam/usb/ui.c **** void ui_wakeup(void) {}
  80:tmk_core/protocol/arm_atsam/usb/ui.c **** 
  81:tmk_core/protocol/arm_atsam/usb/ui.c **** void ui_process(uint16_t framenumber) {}
 123              		.loc 1 81 39 is_stmt 1 view -0
 124              		.cfi_startproc
 125              		@ args = 0, pretend = 0, frame = 0
 126              		@ frame_needed = 0, uses_anonymous_args = 0
 127              		@ link register save eliminated.
 128              		.loc 1 81 40 view .LVU4
 129              		.loc 1 81 1 is_stmt 0 view .LVU5
 130 0000 7047     		bx	lr
 131              		.cfi_endproc
 132              	.LFE128:
 134              		.section	.text.ui_kbd_led,"ax",%progbits
 135              		.align	1
 136              		.global	ui_kbd_led
 137              		.syntax unified
 138              		.thumb
 139              		.thumb_func
 140              		.fpu fpv4-sp-d16
 142              	ui_kbd_led:
 143              	.LVL1:
 144              	.LFB129:
  82:tmk_core/protocol/arm_atsam/usb/ui.c **** 
  83:tmk_core/protocol/arm_atsam/usb/ui.c **** void ui_kbd_led(uint8_t value) {}
 145              		.loc 1 83 32 is_stmt 1 view -0
 146              		.cfi_startproc
 147              		@ args = 0, pretend = 0, frame = 0
 148              		@ frame_needed = 0, uses_anonymous_args = 0
 149              		@ link register save eliminated.
 150              		.loc 1 83 33 view .LVU7
 151              		.loc 1 83 1 is_stmt 0 view .LVU8
 152 0000 7047     		bx	lr
 153              		.cfi_endproc
 154              	.LFE129:
 156              		.text
 157              	.Letext0:
 158              		.file 2 "/usr/local/Cellar/arm-gcc-bin@8/8-2019-q3-update/arm-none-eabi/include/machine/_default_t
 159              		.file 3 "/usr/local/Cellar/arm-gcc-bin@8/8-2019-q3-update/arm-none-eabi/include/sys/_stdint.h"
 160              		.file 4 "lib/arm_atsam/packs/arm/cmsis/5.0.1/CMSIS/Include/core_cm4.h"
 161              		.file 5 "lib/arm_atsam/packs/atmel/SAMD51_DFP/1.0.70/include/system_samd51.h"
DEFINED SYMBOLS
                            *ABS*:0000000000000000 ui.c
/var/folders/z4/wxlp73js78g02fcv9dbq6g8h0000gn/T//ccDOSe4J.s:18     .text.ui_init:0000000000000000 $t
/var/folders/z4/wxlp73js78g02fcv9dbq6g8h0000gn/T//ccDOSe4J.s:26     .text.ui_init:0000000000000000 ui_init
/var/folders/z4/wxlp73js78g02fcv9dbq6g8h0000gn/T//ccDOSe4J.s:41     .text.ui_powerdown:0000000000000000 $t
/var/folders/z4/wxlp73js78g02fcv9dbq6g8h0000gn/T//ccDOSe4J.s:48     .text.ui_powerdown:0000000000000000 ui_powerdown
/var/folders/z4/wxlp73js78g02fcv9dbq6g8h0000gn/T//ccDOSe4J.s:59     .text.ui_wakeup_enable:0000000000000000 $t
/var/folders/z4/wxlp73js78g02fcv9dbq6g8h0000gn/T//ccDOSe4J.s:66     .text.ui_wakeup_enable:0000000000000000 ui_wakeup_enable
/var/folders/z4/wxlp73js78g02fcv9dbq6g8h0000gn/T//ccDOSe4J.s:77     .text.ui_wakeup_disable:0000000000000000 $t
/var/folders/z4/wxlp73js78g02fcv9dbq6g8h0000gn/T//ccDOSe4J.s:84     .text.ui_wakeup_disable:0000000000000000 ui_wakeup_disable
/var/folders/z4/wxlp73js78g02fcv9dbq6g8h0000gn/T//ccDOSe4J.s:95     .text.ui_wakeup:0000000000000000 $t
/var/folders/z4/wxlp73js78g02fcv9dbq6g8h0000gn/T//ccDOSe4J.s:102    .text.ui_wakeup:0000000000000000 ui_wakeup
/var/folders/z4/wxlp73js78g02fcv9dbq6g8h0000gn/T//ccDOSe4J.s:113    .text.ui_process:0000000000000000 $t
/var/folders/z4/wxlp73js78g02fcv9dbq6g8h0000gn/T//ccDOSe4J.s:120    .text.ui_process:0000000000000000 ui_process
/var/folders/z4/wxlp73js78g02fcv9dbq6g8h0000gn/T//ccDOSe4J.s:135    .text.ui_kbd_led:0000000000000000 $t
/var/folders/z4/wxlp73js78g02fcv9dbq6g8h0000gn/T//ccDOSe4J.s:142    .text.ui_kbd_led:0000000000000000 ui_kbd_led

NO UNDEFINED SYMBOLS
