   1              		.cpu cortex-m4
   2              		.eabi_attribute 27, 1
   3              		.eabi_attribute 28, 1
   4              		.eabi_attribute 20, 1
   5              		.eabi_attribute 21, 1
   6              		.eabi_attribute 23, 3
   7              		.eabi_attribute 24, 1
   8              		.eabi_attribute 25, 1
   9              		.eabi_attribute 26, 1
  10              		.eabi_attribute 30, 4
  11              		.eabi_attribute 34, 1
  12              		.eabi_attribute 18, 4
  13              		.file	"sendchar_null.c"
  14              		.text
  15              	.Ltext0:
  16              		.cfi_sections	.debug_frame
  17              		.section	.text.sendchar,"ax",%progbits
  18              		.align	1
  19              		.weak	sendchar
  20              		.arch armv7e-m
  21              		.syntax unified
  22              		.thumb
  23              		.thumb_func
  24              		.fpu fpv4-sp-d16
  26              	sendchar:
  27              	.LVL0:
  28              	.LFB0:
  29              		.file 1 "tmk_core/common/sendchar_null.c"
   1:tmk_core/common/sendchar_null.c **** /*
   2:tmk_core/common/sendchar_null.c **** Copyright 2011 Jun Wako <wakojun@gmail.com>
   3:tmk_core/common/sendchar_null.c **** 
   4:tmk_core/common/sendchar_null.c **** This program is free software: you can redistribute it and/or modify
   5:tmk_core/common/sendchar_null.c **** it under the terms of the GNU General Public License as published by
   6:tmk_core/common/sendchar_null.c **** the Free Software Foundation, either version 2 of the License, or
   7:tmk_core/common/sendchar_null.c **** (at your option) any later version.
   8:tmk_core/common/sendchar_null.c **** 
   9:tmk_core/common/sendchar_null.c **** This program is distributed in the hope that it will be useful,
  10:tmk_core/common/sendchar_null.c **** but WITHOUT ANY WARRANTY; without even the implied warranty of
  11:tmk_core/common/sendchar_null.c **** MERCHANTABILITY or FITNESS FOR A PARTICULAR PURPOSE.  See the
  12:tmk_core/common/sendchar_null.c **** GNU General Public License for more details.
  13:tmk_core/common/sendchar_null.c **** 
  14:tmk_core/common/sendchar_null.c **** You should have received a copy of the GNU General Public License
  15:tmk_core/common/sendchar_null.c **** along with this program.  If not, see <http://www.gnu.org/licenses/>.
  16:tmk_core/common/sendchar_null.c **** */
  17:tmk_core/common/sendchar_null.c **** #include "sendchar.h"
  18:tmk_core/common/sendchar_null.c **** 
  19:tmk_core/common/sendchar_null.c **** __attribute__((weak)) int8_t sendchar(uint8_t c) { return 0; }
  30              		.loc 1 19 50 view -0
  31              		.cfi_startproc
  32              		@ args = 0, pretend = 0, frame = 0
  33              		@ frame_needed = 0, uses_anonymous_args = 0
  34              		@ link register save eliminated.
  35              		.loc 1 19 52 view .LVU1
  36              		.loc 1 19 1 is_stmt 0 view .LVU2
  37 0000 0020     		movs	r0, #0
  38              	.LVL1:
  39              		.loc 1 19 1 view .LVU3
  40 0002 7047     		bx	lr
  41              		.cfi_endproc
  42              	.LFE0:
  44              		.text
  45              	.Letext0:
  46              		.file 2 "/usr/local/Cellar/arm-gcc-bin@8/8-2019-q3-update/arm-none-eabi/include/machine/_default_t
  47              		.file 3 "/usr/local/Cellar/arm-gcc-bin@8/8-2019-q3-update/arm-none-eabi/include/sys/_stdint.h"
DEFINED SYMBOLS
                            *ABS*:0000000000000000 sendchar_null.c
/var/folders/z4/wxlp73js78g02fcv9dbq6g8h0000gn/T//ccbezTpc.s:18     .text.sendchar:0000000000000000 $t
/var/folders/z4/wxlp73js78g02fcv9dbq6g8h0000gn/T//ccbezTpc.s:26     .text.sendchar:0000000000000000 sendchar

NO UNDEFINED SYMBOLS
