   1              		.cpu cortex-m4
   2              		.eabi_attribute 27, 1
   3              		.eabi_attribute 28, 1
   4              		.eabi_attribute 20, 1
   5              		.eabi_attribute 21, 1
   6              		.eabi_attribute 23, 3
   7              		.eabi_attribute 24, 1
   8              		.eabi_attribute 25, 1
   9              		.eabi_attribute 26, 1
  10              		.eabi_attribute 30, 4
  11              		.eabi_attribute 34, 1
  12              		.eabi_attribute 18, 4
  13              		.file	"eeprom.c"
  14              		.text
  15              	.Ltext0:
  16              		.cfi_sections	.debug_frame
  17              		.section	.text.eeprom_read_byte,"ax",%progbits
  18              		.align	1
  19              		.global	eeprom_read_byte
  20              		.arch armv7e-m
  21              		.syntax unified
  22              		.thumb
  23              		.thumb_func
  24              		.fpu fpv4-sp-d16
  26              	eeprom_read_byte:
  27              	.LVL0:
  28              	.LFB0:
  29              		.file 1 "tmk_core/common/arm_atsam/eeprom.c"
   1:tmk_core/common/arm_atsam/eeprom.c **** /* Copyright 2017 Fred Sundvik
   2:tmk_core/common/arm_atsam/eeprom.c ****  *
   3:tmk_core/common/arm_atsam/eeprom.c ****  * This program is free software: you can redistribute it and/or modify
   4:tmk_core/common/arm_atsam/eeprom.c ****  * it under the terms of the GNU General Public License as published by
   5:tmk_core/common/arm_atsam/eeprom.c ****  * the Free Software Foundation, either version 2 of the License, or
   6:tmk_core/common/arm_atsam/eeprom.c ****  * (at your option) any later version.
   7:tmk_core/common/arm_atsam/eeprom.c ****  *
   8:tmk_core/common/arm_atsam/eeprom.c ****  * This program is distributed in the hope that it will be useful,
   9:tmk_core/common/arm_atsam/eeprom.c ****  * but WITHOUT ANY WARRANTY; without even the implied warranty of
  10:tmk_core/common/arm_atsam/eeprom.c ****  * MERCHANTABILITY or FITNESS FOR A PARTICULAR PURPOSE.  See the
  11:tmk_core/common/arm_atsam/eeprom.c ****  * GNU General Public License for more details.
  12:tmk_core/common/arm_atsam/eeprom.c ****  *
  13:tmk_core/common/arm_atsam/eeprom.c ****  * You should have received a copy of the GNU General Public License
  14:tmk_core/common/arm_atsam/eeprom.c ****  * along with this program.  If not, see <http://www.gnu.org/licenses/>.
  15:tmk_core/common/arm_atsam/eeprom.c ****  */
  16:tmk_core/common/arm_atsam/eeprom.c **** 
  17:tmk_core/common/arm_atsam/eeprom.c **** #include "eeprom.h"
  18:tmk_core/common/arm_atsam/eeprom.c **** 
  19:tmk_core/common/arm_atsam/eeprom.c **** #ifndef EEPROM_SIZE
  20:tmk_core/common/arm_atsam/eeprom.c **** #    include "eeconfig.h"
  21:tmk_core/common/arm_atsam/eeprom.c **** #    define EEPROM_SIZE (((EECONFIG_SIZE + 3) / 4) * 4)  // based off eeconfig's current usage, ali
  22:tmk_core/common/arm_atsam/eeprom.c **** #endif
  23:tmk_core/common/arm_atsam/eeprom.c **** 
  24:tmk_core/common/arm_atsam/eeprom.c **** __attribute__((aligned(4))) static uint8_t buffer[EEPROM_SIZE];
  25:tmk_core/common/arm_atsam/eeprom.c **** 
  26:tmk_core/common/arm_atsam/eeprom.c **** uint8_t eeprom_read_byte(const uint8_t *addr) {
  30              		.loc 1 26 47 view -0
  31              		.cfi_startproc
  32              		@ args = 0, pretend = 0, frame = 0
  33              		@ frame_needed = 0, uses_anonymous_args = 0
  34              		@ link register save eliminated.
  27:tmk_core/common/arm_atsam/eeprom.c ****     uintptr_t offset = (uintptr_t)addr;
  35              		.loc 1 27 5 view .LVU1
  28:tmk_core/common/arm_atsam/eeprom.c ****     return buffer[offset];
  36              		.loc 1 28 5 view .LVU2
  29:tmk_core/common/arm_atsam/eeprom.c **** }
  37              		.loc 1 29 1 is_stmt 0 view .LVU3
  38 0000 014B     		ldr	r3, .L2
  39 0002 185C     		ldrb	r0, [r3, r0]	@ zero_extendqisi2
  40              	.LVL1:
  41              		.loc 1 29 1 view .LVU4
  42 0004 7047     		bx	lr
  43              	.L3:
  44 0006 00BF     		.align	2
  45              	.L2:
  46 0008 00000000 		.word	.LANCHOR0
  47              		.cfi_endproc
  48              	.LFE0:
  50              		.section	.text.eeprom_write_byte,"ax",%progbits
  51              		.align	1
  52              		.global	eeprom_write_byte
  53              		.syntax unified
  54              		.thumb
  55              		.thumb_func
  56              		.fpu fpv4-sp-d16
  58              	eeprom_write_byte:
  59              	.LVL2:
  60              	.LFB1:
  30:tmk_core/common/arm_atsam/eeprom.c **** 
  31:tmk_core/common/arm_atsam/eeprom.c **** void eeprom_write_byte(uint8_t *addr, uint8_t value) {
  61              		.loc 1 31 54 is_stmt 1 view -0
  62              		.cfi_startproc
  63              		@ args = 0, pretend = 0, frame = 0
  64              		@ frame_needed = 0, uses_anonymous_args = 0
  65              		@ link register save eliminated.
  32:tmk_core/common/arm_atsam/eeprom.c ****     uintptr_t offset = (uintptr_t)addr;
  66              		.loc 1 32 5 view .LVU6
  33:tmk_core/common/arm_atsam/eeprom.c ****     buffer[offset]   = value;
  67              		.loc 1 33 5 view .LVU7
  68              		.loc 1 33 22 is_stmt 0 view .LVU8
  69 0000 014B     		ldr	r3, .L5
  70 0002 1954     		strb	r1, [r3, r0]
  34:tmk_core/common/arm_atsam/eeprom.c **** }
  71              		.loc 1 34 1 view .LVU9
  72 0004 7047     		bx	lr
  73              	.L6:
  74 0006 00BF     		.align	2
  75              	.L5:
  76 0008 00000000 		.word	.LANCHOR0
  77              		.cfi_endproc
  78              	.LFE1:
  80              		.section	.text.eeprom_read_word,"ax",%progbits
  81              		.align	1
  82              		.global	eeprom_read_word
  83              		.syntax unified
  84              		.thumb
  85              		.thumb_func
  86              		.fpu fpv4-sp-d16
  88              	eeprom_read_word:
  89              	.LVL3:
  90              	.LFB2:
  35:tmk_core/common/arm_atsam/eeprom.c **** 
  36:tmk_core/common/arm_atsam/eeprom.c **** uint16_t eeprom_read_word(const uint16_t *addr) {
  91              		.loc 1 36 49 is_stmt 1 view -0
  92              		.cfi_startproc
  93              		@ args = 0, pretend = 0, frame = 0
  94              		@ frame_needed = 0, uses_anonymous_args = 0
  95              		@ link register save eliminated.
  37:tmk_core/common/arm_atsam/eeprom.c ****     const uint8_t *p = (const uint8_t *)addr;
  96              		.loc 1 37 5 view .LVU11
  38:tmk_core/common/arm_atsam/eeprom.c ****     return eeprom_read_byte(p) | (eeprom_read_byte(p + 1) << 8);
  97              		.loc 1 38 5 view .LVU12
  98              	.LBB6:
  99              	.LBI6:
  26:tmk_core/common/arm_atsam/eeprom.c ****     uintptr_t offset = (uintptr_t)addr;
 100              		.loc 1 26 9 view .LVU13
 101              	.LBB7:
  27:tmk_core/common/arm_atsam/eeprom.c ****     return buffer[offset];
 102              		.loc 1 27 5 view .LVU14
  28:tmk_core/common/arm_atsam/eeprom.c **** }
 103              		.loc 1 28 5 view .LVU15
  28:tmk_core/common/arm_atsam/eeprom.c **** }
 104              		.loc 1 28 5 is_stmt 0 view .LVU16
 105              	.LBE7:
 106              	.LBE6:
 107              	.LBB8:
 108              	.LBI8:
  26:tmk_core/common/arm_atsam/eeprom.c ****     uintptr_t offset = (uintptr_t)addr;
 109              		.loc 1 26 9 is_stmt 1 view .LVU17
 110              	.LBB9:
  27:tmk_core/common/arm_atsam/eeprom.c ****     return buffer[offset];
 111              		.loc 1 27 5 view .LVU18
  28:tmk_core/common/arm_atsam/eeprom.c **** }
 112              		.loc 1 28 5 view .LVU19
  28:tmk_core/common/arm_atsam/eeprom.c **** }
 113              		.loc 1 28 18 is_stmt 0 view .LVU20
 114 0000 034B     		ldr	r3, .L8
 115 0002 C218     		adds	r2, r0, r3
 116              	.LBE9:
 117              	.LBE8:
 118              		.loc 1 38 12 view .LVU21
 119 0004 185C     		ldrb	r0, [r3, r0]	@ zero_extendqisi2
 120              	.LVL4:
 121              		.loc 1 38 35 view .LVU22
 122 0006 5278     		ldrb	r2, [r2, #1]	@ zero_extendqisi2
 123              	.LVL5:
  39:tmk_core/common/arm_atsam/eeprom.c **** }
 124              		.loc 1 39 1 view .LVU23
 125 0008 40EA0220 		orr	r0, r0, r2, lsl #8
 126 000c 7047     		bx	lr
 127              	.L9:
 128 000e 00BF     		.align	2
 129              	.L8:
 130 0010 00000000 		.word	.LANCHOR0
 131              		.cfi_endproc
 132              	.LFE2:
 134              		.section	.text.eeprom_read_dword,"ax",%progbits
 135              		.align	1
 136              		.global	eeprom_read_dword
 137              		.syntax unified
 138              		.thumb
 139              		.thumb_func
 140              		.fpu fpv4-sp-d16
 142              	eeprom_read_dword:
 143              	.LVL6:
 144              	.LFB3:
  40:tmk_core/common/arm_atsam/eeprom.c **** 
  41:tmk_core/common/arm_atsam/eeprom.c **** uint32_t eeprom_read_dword(const uint32_t *addr) {
 145              		.loc 1 41 50 is_stmt 1 view -0
 146              		.cfi_startproc
 147              		@ args = 0, pretend = 0, frame = 0
 148              		@ frame_needed = 0, uses_anonymous_args = 0
  42:tmk_core/common/arm_atsam/eeprom.c ****     const uint8_t *p = (const uint8_t *)addr;
 149              		.loc 1 42 5 view .LVU25
  43:tmk_core/common/arm_atsam/eeprom.c ****     return eeprom_read_byte(p) | (eeprom_read_byte(p + 1) << 8) | (eeprom_read_byte(p + 2) << 16) |
 150              		.loc 1 43 5 view .LVU26
 151              	.LBB18:
 152              	.LBI18:
  26:tmk_core/common/arm_atsam/eeprom.c ****     uintptr_t offset = (uintptr_t)addr;
 153              		.loc 1 26 9 view .LVU27
 154              	.LBB19:
  27:tmk_core/common/arm_atsam/eeprom.c ****     return buffer[offset];
 155              		.loc 1 27 5 view .LVU28
  28:tmk_core/common/arm_atsam/eeprom.c **** }
 156              		.loc 1 28 5 view .LVU29
  28:tmk_core/common/arm_atsam/eeprom.c **** }
 157              		.loc 1 28 5 is_stmt 0 view .LVU30
 158              	.LBE19:
 159              	.LBE18:
 160              	.LBB20:
 161              	.LBI20:
  26:tmk_core/common/arm_atsam/eeprom.c ****     uintptr_t offset = (uintptr_t)addr;
 162              		.loc 1 26 9 is_stmt 1 view .LVU31
 163              	.LBB21:
  27:tmk_core/common/arm_atsam/eeprom.c ****     return buffer[offset];
 164              		.loc 1 27 5 view .LVU32
  28:tmk_core/common/arm_atsam/eeprom.c **** }
 165              		.loc 1 28 5 view .LVU33
  28:tmk_core/common/arm_atsam/eeprom.c **** }
 166              		.loc 1 28 5 is_stmt 0 view .LVU34
 167              	.LBE21:
 168              	.LBE20:
 169              	.LBB23:
 170              	.LBI23:
  26:tmk_core/common/arm_atsam/eeprom.c ****     uintptr_t offset = (uintptr_t)addr;
 171              		.loc 1 26 9 is_stmt 1 view .LVU35
 172              	.LBB24:
  27:tmk_core/common/arm_atsam/eeprom.c ****     return buffer[offset];
 173              		.loc 1 27 5 view .LVU36
  28:tmk_core/common/arm_atsam/eeprom.c **** }
 174              		.loc 1 28 5 view .LVU37
  28:tmk_core/common/arm_atsam/eeprom.c **** }
 175              		.loc 1 28 5 is_stmt 0 view .LVU38
 176              	.LBE24:
 177              	.LBE23:
 178              	.LBB25:
 179              	.LBI25:
  26:tmk_core/common/arm_atsam/eeprom.c ****     uintptr_t offset = (uintptr_t)addr;
 180              		.loc 1 26 9 is_stmt 1 view .LVU39
 181              	.LBB26:
  27:tmk_core/common/arm_atsam/eeprom.c ****     return buffer[offset];
 182              		.loc 1 27 5 view .LVU40
  28:tmk_core/common/arm_atsam/eeprom.c **** }
 183              		.loc 1 28 5 view .LVU41
  28:tmk_core/common/arm_atsam/eeprom.c **** }
 184              		.loc 1 28 5 is_stmt 0 view .LVU42
 185              	.LBE26:
 186              	.LBE25:
  41:tmk_core/common/arm_atsam/eeprom.c ****     const uint8_t *p = (const uint8_t *)addr;
 187              		.loc 1 41 50 view .LVU43
 188 0000 10B5     		push	{r4, lr}
 189              		.cfi_def_cfa_offset 8
 190              		.cfi_offset 4, -8
 191              		.cfi_offset 14, -4
 192              	.LBB27:
 193              	.LBB22:
  28:tmk_core/common/arm_atsam/eeprom.c **** }
 194              		.loc 1 28 18 view .LVU44
 195 0002 0649     		ldr	r1, .L11
 196 0004 4218     		adds	r2, r0, r1
 197              	.LBE22:
 198              	.LBE27:
 199              		.loc 1 43 12 view .LVU45
 200 0006 085C     		ldrb	r0, [r1, r0]	@ zero_extendqisi2
 201              	.LVL7:
 202              		.loc 1 43 68 view .LVU46
 203 0008 9378     		ldrb	r3, [r2, #2]	@ zero_extendqisi2
 204              		.loc 1 43 35 view .LVU47
 205 000a 5478     		ldrb	r4, [r2, #1]	@ zero_extendqisi2
 206              		.loc 1 43 92 view .LVU48
 207 000c 1B04     		lsls	r3, r3, #16
 208              		.loc 1 43 65 view .LVU49
 209 000e 43EA0423 		orr	r3, r3, r4, lsl #8
 210 0012 0343     		orrs	r3, r3, r0
 211              		.loc 1 43 102 view .LVU50
 212 0014 D078     		ldrb	r0, [r2, #3]	@ zero_extendqisi2
  44:tmk_core/common/arm_atsam/eeprom.c **** }
 213              		.loc 1 44 1 view .LVU51
 214 0016 43EA0060 		orr	r0, r3, r0, lsl #24
 215 001a 10BD     		pop	{r4, pc}
 216              	.L12:
 217              		.align	2
 218              	.L11:
 219 001c 00000000 		.word	.LANCHOR0
 220              		.cfi_endproc
 221              	.LFE3:
 223              		.section	.text.eeprom_read_block,"ax",%progbits
 224              		.align	1
 225              		.global	eeprom_read_block
 226              		.syntax unified
 227              		.thumb
 228              		.thumb_func
 229              		.fpu fpv4-sp-d16
 231              	eeprom_read_block:
 232              	.LVL8:
 233              	.LFB4:
  45:tmk_core/common/arm_atsam/eeprom.c **** 
  46:tmk_core/common/arm_atsam/eeprom.c **** void eeprom_read_block(void *buf, const void *addr, size_t len) {
 234              		.loc 1 46 65 is_stmt 1 view -0
 235              		.cfi_startproc
 236              		@ args = 0, pretend = 0, frame = 0
 237              		@ frame_needed = 0, uses_anonymous_args = 0
 238              		@ link register save eliminated.
  47:tmk_core/common/arm_atsam/eeprom.c ****     const uint8_t *p    = (const uint8_t *)addr;
 239              		.loc 1 47 5 view .LVU53
  48:tmk_core/common/arm_atsam/eeprom.c ****     uint8_t *      dest = (uint8_t *)buf;
 240              		.loc 1 48 5 view .LVU54
  49:tmk_core/common/arm_atsam/eeprom.c ****     while (len--) {
 241              		.loc 1 49 5 view .LVU55
 242 0000 054B     		ldr	r3, .L16
 243 0002 0244     		add	r2, r2, r0
 244              	.LVL9:
 245              		.loc 1 49 5 is_stmt 0 view .LVU56
 246 0004 1944     		add	r1, r1, r3
 247              	.LVL10:
 248              	.L14:
 249              		.loc 1 49 11 view .LVU57
 250 0006 9042     		cmp	r0, r2
 251 0008 00D1     		bne	.L15
  50:tmk_core/common/arm_atsam/eeprom.c ****         *dest++ = eeprom_read_byte(p++);
  51:tmk_core/common/arm_atsam/eeprom.c ****     }
  52:tmk_core/common/arm_atsam/eeprom.c **** }
 252              		.loc 1 52 1 view .LVU58
 253 000a 7047     		bx	lr
 254              	.L15:
  50:tmk_core/common/arm_atsam/eeprom.c ****         *dest++ = eeprom_read_byte(p++);
 255              		.loc 1 50 9 is_stmt 1 view .LVU59
 256              	.LVL11:
 257              	.LBB30:
 258              	.LBI30:
  26:tmk_core/common/arm_atsam/eeprom.c ****     uintptr_t offset = (uintptr_t)addr;
 259              		.loc 1 26 9 view .LVU60
 260              	.LBB31:
  27:tmk_core/common/arm_atsam/eeprom.c ****     return buffer[offset];
 261              		.loc 1 27 5 view .LVU61
  28:tmk_core/common/arm_atsam/eeprom.c **** }
 262              		.loc 1 28 5 view .LVU62
  28:tmk_core/common/arm_atsam/eeprom.c **** }
 263              		.loc 1 28 18 is_stmt 0 view .LVU63
 264 000c 11F8013B 		ldrb	r3, [r1], #1	@ zero_extendqisi2
 265              	.LVL12:
  28:tmk_core/common/arm_atsam/eeprom.c **** }
 266              		.loc 1 28 18 view .LVU64
 267              	.LBE31:
 268              	.LBE30:
  50:tmk_core/common/arm_atsam/eeprom.c ****     }
 269              		.loc 1 50 17 view .LVU65
 270 0010 00F8013B 		strb	r3, [r0], #1
 271              	.LVL13:
  50:tmk_core/common/arm_atsam/eeprom.c ****     }
 272              		.loc 1 50 17 view .LVU66
 273 0014 F7E7     		b	.L14
 274              	.L17:
 275 0016 00BF     		.align	2
 276              	.L16:
 277 0018 00000000 		.word	.LANCHOR0
 278              		.cfi_endproc
 279              	.LFE4:
 281              		.section	.text.eeprom_write_word,"ax",%progbits
 282              		.align	1
 283              		.global	eeprom_write_word
 284              		.syntax unified
 285              		.thumb
 286              		.thumb_func
 287              		.fpu fpv4-sp-d16
 289              	eeprom_write_word:
 290              	.LVL14:
 291              	.LFB5:
  53:tmk_core/common/arm_atsam/eeprom.c **** 
  54:tmk_core/common/arm_atsam/eeprom.c **** void eeprom_write_word(uint16_t *addr, uint16_t value) {
 292              		.loc 1 54 56 is_stmt 1 view -0
 293              		.cfi_startproc
 294              		@ args = 0, pretend = 0, frame = 0
 295              		@ frame_needed = 0, uses_anonymous_args = 0
 296              		@ link register save eliminated.
  55:tmk_core/common/arm_atsam/eeprom.c ****     uint8_t *p = (uint8_t *)addr;
 297              		.loc 1 55 5 view .LVU68
  56:tmk_core/common/arm_atsam/eeprom.c ****     eeprom_write_byte(p++, value);
 298              		.loc 1 56 5 view .LVU69
 299              	.LBB36:
 300              	.LBI36:
  31:tmk_core/common/arm_atsam/eeprom.c ****     uintptr_t offset = (uintptr_t)addr;
 301              		.loc 1 31 6 view .LVU70
 302              	.LBB37:
  32:tmk_core/common/arm_atsam/eeprom.c ****     buffer[offset]   = value;
 303              		.loc 1 32 5 view .LVU71
  33:tmk_core/common/arm_atsam/eeprom.c **** }
 304              		.loc 1 33 5 view .LVU72
  33:tmk_core/common/arm_atsam/eeprom.c **** }
 305              		.loc 1 33 22 is_stmt 0 view .LVU73
 306 0000 024B     		ldr	r3, .L19
 307              	.LBE37:
 308              	.LBE36:
 309              		.loc 1 56 5 view .LVU74
 310 0002 1954     		strb	r1, [r3, r0]
 311              	.LVL15:
  57:tmk_core/common/arm_atsam/eeprom.c ****     eeprom_write_byte(p, value >> 8);
 312              		.loc 1 57 5 is_stmt 1 view .LVU75
 313              	.LBB38:
 314              	.LBI38:
  31:tmk_core/common/arm_atsam/eeprom.c ****     uintptr_t offset = (uintptr_t)addr;
 315              		.loc 1 31 6 view .LVU76
 316              	.LBB39:
  32:tmk_core/common/arm_atsam/eeprom.c ****     buffer[offset]   = value;
 317              		.loc 1 32 5 view .LVU77
  33:tmk_core/common/arm_atsam/eeprom.c **** }
 318              		.loc 1 33 5 view .LVU78
  33:tmk_core/common/arm_atsam/eeprom.c **** }
 319              		.loc 1 33 22 is_stmt 0 view .LVU79
 320 0004 1844     		add	r0, r0, r3
 321              	.LVL16:
  33:tmk_core/common/arm_atsam/eeprom.c **** }
 322              		.loc 1 33 22 view .LVU80
 323              	.LBE39:
 324              	.LBE38:
 325              		.loc 1 57 5 view .LVU81
 326 0006 090A     		lsrs	r1, r1, #8
 327              	.LVL17:
 328              		.loc 1 57 5 view .LVU82
 329 0008 4170     		strb	r1, [r0, #1]
 330              	.LVL18:
  58:tmk_core/common/arm_atsam/eeprom.c **** }
 331              		.loc 1 58 1 view .LVU83
 332 000a 7047     		bx	lr
 333              	.L20:
 334              		.align	2
 335              	.L19:
 336 000c 00000000 		.word	.LANCHOR0
 337              		.cfi_endproc
 338              	.LFE5:
 340              		.section	.text.eeprom_write_dword,"ax",%progbits
 341              		.align	1
 342              		.global	eeprom_write_dword
 343              		.syntax unified
 344              		.thumb
 345              		.thumb_func
 346              		.fpu fpv4-sp-d16
 348              	eeprom_write_dword:
 349              	.LVL19:
 350              	.LFB6:
  59:tmk_core/common/arm_atsam/eeprom.c **** 
  60:tmk_core/common/arm_atsam/eeprom.c **** void eeprom_write_dword(uint32_t *addr, uint32_t value) {
 351              		.loc 1 60 57 is_stmt 1 view -0
 352              		.cfi_startproc
 353              		@ args = 0, pretend = 0, frame = 0
 354              		@ frame_needed = 0, uses_anonymous_args = 0
 355              		@ link register save eliminated.
  61:tmk_core/common/arm_atsam/eeprom.c ****     uint8_t *p = (uint8_t *)addr;
 356              		.loc 1 61 5 view .LVU85
  62:tmk_core/common/arm_atsam/eeprom.c ****     eeprom_write_byte(p++, value);
 357              		.loc 1 62 5 view .LVU86
 358              	.LBB48:
 359              	.LBI48:
  31:tmk_core/common/arm_atsam/eeprom.c ****     uintptr_t offset = (uintptr_t)addr;
 360              		.loc 1 31 6 view .LVU87
 361              	.LBB49:
  32:tmk_core/common/arm_atsam/eeprom.c ****     buffer[offset]   = value;
 362              		.loc 1 32 5 view .LVU88
  33:tmk_core/common/arm_atsam/eeprom.c **** }
 363              		.loc 1 33 5 view .LVU89
  33:tmk_core/common/arm_atsam/eeprom.c **** }
 364              		.loc 1 33 22 is_stmt 0 view .LVU90
 365 0000 044B     		ldr	r3, .L22
 366              	.LBE49:
 367              	.LBE48:
 368              		.loc 1 62 5 view .LVU91
 369 0002 1954     		strb	r1, [r3, r0]
 370              	.LVL20:
  63:tmk_core/common/arm_atsam/eeprom.c ****     eeprom_write_byte(p++, value >> 8);
 371              		.loc 1 63 5 is_stmt 1 view .LVU92
 372              	.LBB50:
 373              	.LBI50:
  31:tmk_core/common/arm_atsam/eeprom.c ****     uintptr_t offset = (uintptr_t)addr;
 374              		.loc 1 31 6 view .LVU93
 375              	.LBB51:
  32:tmk_core/common/arm_atsam/eeprom.c ****     buffer[offset]   = value;
 376              		.loc 1 32 5 view .LVU94
  33:tmk_core/common/arm_atsam/eeprom.c **** }
 377              		.loc 1 33 5 view .LVU95
  33:tmk_core/common/arm_atsam/eeprom.c **** }
 378              		.loc 1 33 22 is_stmt 0 view .LVU96
 379 0004 1844     		add	r0, r0, r3
 380              	.LVL21:
  33:tmk_core/common/arm_atsam/eeprom.c **** }
 381              		.loc 1 33 22 view .LVU97
 382              	.LBE51:
 383              	.LBE50:
 384              		.loc 1 63 34 view .LVU98
 385 0006 0B0A     		lsrs	r3, r1, #8
 386              		.loc 1 63 5 view .LVU99
 387 0008 4370     		strb	r3, [r0, #1]
 388              	.LVL22:
  64:tmk_core/common/arm_atsam/eeprom.c ****     eeprom_write_byte(p++, value >> 16);
 389              		.loc 1 64 5 is_stmt 1 view .LVU100
 390              	.LBB52:
 391              	.LBI52:
  31:tmk_core/common/arm_atsam/eeprom.c ****     uintptr_t offset = (uintptr_t)addr;
 392              		.loc 1 31 6 view .LVU101
 393              	.LBB53:
  32:tmk_core/common/arm_atsam/eeprom.c ****     buffer[offset]   = value;
 394              		.loc 1 32 5 view .LVU102
  33:tmk_core/common/arm_atsam/eeprom.c **** }
 395              		.loc 1 33 5 view .LVU103
 396              	.LBE53:
 397              	.LBE52:
 398              		.loc 1 64 34 is_stmt 0 view .LVU104
 399 000a 0B0C     		lsrs	r3, r1, #16
  65:tmk_core/common/arm_atsam/eeprom.c ****     eeprom_write_byte(p, value >> 24);
 400              		.loc 1 65 32 view .LVU105
 401 000c 090E     		lsrs	r1, r1, #24
 402              	.LVL23:
  64:tmk_core/common/arm_atsam/eeprom.c ****     eeprom_write_byte(p, value >> 24);
 403              		.loc 1 64 5 view .LVU106
 404 000e 8370     		strb	r3, [r0, #2]
 405              	.LVL24:
 406              		.loc 1 65 5 is_stmt 1 view .LVU107
 407              	.LBB54:
 408              	.LBI54:
  31:tmk_core/common/arm_atsam/eeprom.c ****     uintptr_t offset = (uintptr_t)addr;
 409              		.loc 1 31 6 view .LVU108
 410              	.LBB55:
  32:tmk_core/common/arm_atsam/eeprom.c ****     buffer[offset]   = value;
 411              		.loc 1 32 5 view .LVU109
  33:tmk_core/common/arm_atsam/eeprom.c **** }
 412              		.loc 1 33 5 view .LVU110
 413              	.LBE55:
 414              	.LBE54:
 415              		.loc 1 65 5 is_stmt 0 view .LVU111
 416 0010 C170     		strb	r1, [r0, #3]
 417              	.LVL25:
  66:tmk_core/common/arm_atsam/eeprom.c **** }
 418              		.loc 1 66 1 view .LVU112
 419 0012 7047     		bx	lr
 420              	.L23:
 421              		.align	2
 422              	.L22:
 423 0014 00000000 		.word	.LANCHOR0
 424              		.cfi_endproc
 425              	.LFE6:
 427              		.section	.text.eeprom_write_block,"ax",%progbits
 428              		.align	1
 429              		.global	eeprom_write_block
 430              		.syntax unified
 431              		.thumb
 432              		.thumb_func
 433              		.fpu fpv4-sp-d16
 435              	eeprom_write_block:
 436              	.LVL26:
 437              	.LFB7:
  67:tmk_core/common/arm_atsam/eeprom.c **** 
  68:tmk_core/common/arm_atsam/eeprom.c **** void eeprom_write_block(const void *buf, void *addr, size_t len) {
 438              		.loc 1 68 66 is_stmt 1 view -0
 439              		.cfi_startproc
 440              		@ args = 0, pretend = 0, frame = 0
 441              		@ frame_needed = 0, uses_anonymous_args = 0
 442              		@ link register save eliminated.
  69:tmk_core/common/arm_atsam/eeprom.c ****     uint8_t *      p   = (uint8_t *)addr;
 443              		.loc 1 69 5 view .LVU114
  70:tmk_core/common/arm_atsam/eeprom.c ****     const uint8_t *src = (const uint8_t *)buf;
 444              		.loc 1 70 5 view .LVU115
  71:tmk_core/common/arm_atsam/eeprom.c ****     while (len--) {
 445              		.loc 1 71 5 view .LVU116
 446 0000 054B     		ldr	r3, .L27
 447 0002 0244     		add	r2, r2, r0
 448              	.LVL27:
 449              		.loc 1 71 5 is_stmt 0 view .LVU117
 450 0004 1944     		add	r1, r1, r3
 451              	.LVL28:
 452              	.L25:
 453              		.loc 1 71 11 view .LVU118
 454 0006 9042     		cmp	r0, r2
 455 0008 00D1     		bne	.L26
  72:tmk_core/common/arm_atsam/eeprom.c ****         eeprom_write_byte(p++, *src++);
  73:tmk_core/common/arm_atsam/eeprom.c ****     }
  74:tmk_core/common/arm_atsam/eeprom.c **** }
 456              		.loc 1 74 1 view .LVU119
 457 000a 7047     		bx	lr
 458              	.L26:
  72:tmk_core/common/arm_atsam/eeprom.c ****         eeprom_write_byte(p++, *src++);
 459              		.loc 1 72 9 is_stmt 1 view .LVU120
 460              	.LVL29:
  72:tmk_core/common/arm_atsam/eeprom.c ****         eeprom_write_byte(p++, *src++);
 461              		.loc 1 72 9 is_stmt 0 view .LVU121
 462 000c 10F8013B 		ldrb	r3, [r0], #1	@ zero_extendqisi2
 463              	.LVL30:
 464              	.LBB58:
 465              	.LBI58:
  31:tmk_core/common/arm_atsam/eeprom.c ****     uintptr_t offset = (uintptr_t)addr;
 466              		.loc 1 31 6 is_stmt 1 view .LVU122
 467              	.LBB59:
  32:tmk_core/common/arm_atsam/eeprom.c ****     buffer[offset]   = value;
 468              		.loc 1 32 5 view .LVU123
  33:tmk_core/common/arm_atsam/eeprom.c **** }
 469              		.loc 1 33 5 view .LVU124
  33:tmk_core/common/arm_atsam/eeprom.c **** }
 470              		.loc 1 33 22 is_stmt 0 view .LVU125
 471 0010 01F8013B 		strb	r3, [r1], #1
 472 0014 F7E7     		b	.L25
 473              	.L28:
 474 0016 00BF     		.align	2
 475              	.L27:
 476 0018 00000000 		.word	.LANCHOR0
 477              	.LBE59:
 478              	.LBE58:
 479              		.cfi_endproc
 480              	.LFE7:
 482              		.section	.text.eeprom_update_byte,"ax",%progbits
 483              		.align	1
 484              		.global	eeprom_update_byte
 485              		.syntax unified
 486              		.thumb
 487              		.thumb_func
 488              		.fpu fpv4-sp-d16
 490              	eeprom_update_byte:
 491              	.LVL31:
 492              	.LFB8:
  75:tmk_core/common/arm_atsam/eeprom.c **** 
  76:tmk_core/common/arm_atsam/eeprom.c **** void eeprom_update_byte(uint8_t *addr, uint8_t value) { eeprom_write_byte(addr, value); }
 493              		.loc 1 76 55 is_stmt 1 view -0
 494              		.cfi_startproc
 495              		@ args = 0, pretend = 0, frame = 0
 496              		@ frame_needed = 0, uses_anonymous_args = 0
 497              		@ link register save eliminated.
 498              		.loc 1 76 57 view .LVU127
 499              	.LBB62:
 500              	.LBI62:
  31:tmk_core/common/arm_atsam/eeprom.c ****     uintptr_t offset = (uintptr_t)addr;
 501              		.loc 1 31 6 view .LVU128
 502              	.LBB63:
  32:tmk_core/common/arm_atsam/eeprom.c ****     buffer[offset]   = value;
 503              		.loc 1 32 5 view .LVU129
  33:tmk_core/common/arm_atsam/eeprom.c **** }
 504              		.loc 1 33 5 view .LVU130
  33:tmk_core/common/arm_atsam/eeprom.c **** }
 505              		.loc 1 33 22 is_stmt 0 view .LVU131
 506 0000 014B     		ldr	r3, .L30
 507 0002 1954     		strb	r1, [r3, r0]
 508              	.LVL32:
  33:tmk_core/common/arm_atsam/eeprom.c **** }
 509              		.loc 1 33 22 view .LVU132
 510              	.LBE63:
 511              	.LBE62:
 512              		.loc 1 76 1 view .LVU133
 513 0004 7047     		bx	lr
 514              	.L31:
 515 0006 00BF     		.align	2
 516              	.L30:
 517 0008 00000000 		.word	.LANCHOR0
 518              		.cfi_endproc
 519              	.LFE8:
 521              		.section	.text.eeprom_update_word,"ax",%progbits
 522              		.align	1
 523              		.global	eeprom_update_word
 524              		.syntax unified
 525              		.thumb
 526              		.thumb_func
 527              		.fpu fpv4-sp-d16
 529              	eeprom_update_word:
 530              	.LFB13:
 531              		.cfi_startproc
 532              		@ args = 0, pretend = 0, frame = 0
 533              		@ frame_needed = 0, uses_anonymous_args = 0
 534              		@ link register save eliminated.
 535 0000 FFF7FEBF 		b	eeprom_write_word
 536              		.cfi_endproc
 537              	.LFE13:
 539              		.section	.text.eeprom_update_dword,"ax",%progbits
 540              		.align	1
 541              		.global	eeprom_update_dword
 542              		.syntax unified
 543              		.thumb
 544              		.thumb_func
 545              		.fpu fpv4-sp-d16
 547              	eeprom_update_dword:
 548              	.LFB15:
 549              		.cfi_startproc
 550              		@ args = 0, pretend = 0, frame = 0
 551              		@ frame_needed = 0, uses_anonymous_args = 0
 552              		@ link register save eliminated.
 553 0000 FFF7FEBF 		b	eeprom_write_dword
 554              		.cfi_endproc
 555              	.LFE15:
 557              		.section	.text.eeprom_update_block,"ax",%progbits
 558              		.align	1
 559              		.global	eeprom_update_block
 560              		.syntax unified
 561              		.thumb
 562              		.thumb_func
 563              		.fpu fpv4-sp-d16
 565              	eeprom_update_block:
 566              	.LFB17:
 567              		.cfi_startproc
 568              		@ args = 0, pretend = 0, frame = 0
 569              		@ frame_needed = 0, uses_anonymous_args = 0
 570              		@ link register save eliminated.
 571 0000 FFF7FEBF 		b	eeprom_write_block
 572              		.cfi_endproc
 573              	.LFE17:
 575              		.bss
 576              		.align	2
 577              		.set	.LANCHOR0,. + 0
 580              	buffer:
 581 0000 00000000 		.space	36
 581      00000000 
 581      00000000 
 581      00000000 
 581      00000000 
 582              		.text
 583              	.Letext0:
 584              		.file 2 "/usr/local/Cellar/arm-gcc-bin@8/8-2019-q3-update/arm-none-eabi/include/machine/_default_t
 585              		.file 3 "/usr/local/Cellar/arm-gcc-bin@8/8-2019-q3-update/arm-none-eabi/include/sys/_stdint.h"
 586              		.file 4 "/usr/local/Cellar/arm-gcc-bin@8/8-2019-q3-update/lib/gcc/arm-none-eabi/8.3.1/include/stdd
 587              		.file 5 "/usr/local/Cellar/arm-gcc-bin@8/8-2019-q3-update/arm-none-eabi/include/sys/_types.h"
 588              		.file 6 "/usr/local/Cellar/arm-gcc-bin@8/8-2019-q3-update/arm-none-eabi/include/sys/reent.h"
 589              		.file 7 "/usr/local/Cellar/arm-gcc-bin@8/8-2019-q3-update/arm-none-eabi/include/sys/lock.h"
 590              		.file 8 "/usr/local/Cellar/arm-gcc-bin@8/8-2019-q3-update/arm-none-eabi/include/stdlib.h"
DEFINED SYMBOLS
                            *ABS*:0000000000000000 eeprom.c
/var/folders/z4/wxlp73js78g02fcv9dbq6g8h0000gn/T//cc3PrM7t.s:18     .text.eeprom_read_byte:0000000000000000 $t
/var/folders/z4/wxlp73js78g02fcv9dbq6g8h0000gn/T//cc3PrM7t.s:26     .text.eeprom_read_byte:0000000000000000 eeprom_read_byte
/var/folders/z4/wxlp73js78g02fcv9dbq6g8h0000gn/T//cc3PrM7t.s:46     .text.eeprom_read_byte:0000000000000008 $d
/var/folders/z4/wxlp73js78g02fcv9dbq6g8h0000gn/T//cc3PrM7t.s:51     .text.eeprom_write_byte:0000000000000000 $t
/var/folders/z4/wxlp73js78g02fcv9dbq6g8h0000gn/T//cc3PrM7t.s:58     .text.eeprom_write_byte:0000000000000000 eeprom_write_byte
/var/folders/z4/wxlp73js78g02fcv9dbq6g8h0000gn/T//cc3PrM7t.s:76     .text.eeprom_write_byte:0000000000000008 $d
/var/folders/z4/wxlp73js78g02fcv9dbq6g8h0000gn/T//cc3PrM7t.s:81     .text.eeprom_read_word:0000000000000000 $t
/var/folders/z4/wxlp73js78g02fcv9dbq6g8h0000gn/T//cc3PrM7t.s:88     .text.eeprom_read_word:0000000000000000 eeprom_read_word
/var/folders/z4/wxlp73js78g02fcv9dbq6g8h0000gn/T//cc3PrM7t.s:130    .text.eeprom_read_word:0000000000000010 $d
/var/folders/z4/wxlp73js78g02fcv9dbq6g8h0000gn/T//cc3PrM7t.s:135    .text.eeprom_read_dword:0000000000000000 $t
/var/folders/z4/wxlp73js78g02fcv9dbq6g8h0000gn/T//cc3PrM7t.s:142    .text.eeprom_read_dword:0000000000000000 eeprom_read_dword
/var/folders/z4/wxlp73js78g02fcv9dbq6g8h0000gn/T//cc3PrM7t.s:219    .text.eeprom_read_dword:000000000000001c $d
/var/folders/z4/wxlp73js78g02fcv9dbq6g8h0000gn/T//cc3PrM7t.s:224    .text.eeprom_read_block:0000000000000000 $t
/var/folders/z4/wxlp73js78g02fcv9dbq6g8h0000gn/T//cc3PrM7t.s:231    .text.eeprom_read_block:0000000000000000 eeprom_read_block
/var/folders/z4/wxlp73js78g02fcv9dbq6g8h0000gn/T//cc3PrM7t.s:277    .text.eeprom_read_block:0000000000000018 $d
/var/folders/z4/wxlp73js78g02fcv9dbq6g8h0000gn/T//cc3PrM7t.s:282    .text.eeprom_write_word:0000000000000000 $t
/var/folders/z4/wxlp73js78g02fcv9dbq6g8h0000gn/T//cc3PrM7t.s:289    .text.eeprom_write_word:0000000000000000 eeprom_write_word
/var/folders/z4/wxlp73js78g02fcv9dbq6g8h0000gn/T//cc3PrM7t.s:336    .text.eeprom_write_word:000000000000000c $d
/var/folders/z4/wxlp73js78g02fcv9dbq6g8h0000gn/T//cc3PrM7t.s:341    .text.eeprom_write_dword:0000000000000000 $t
/var/folders/z4/wxlp73js78g02fcv9dbq6g8h0000gn/T//cc3PrM7t.s:348    .text.eeprom_write_dword:0000000000000000 eeprom_write_dword
/var/folders/z4/wxlp73js78g02fcv9dbq6g8h0000gn/T//cc3PrM7t.s:423    .text.eeprom_write_dword:0000000000000014 $d
/var/folders/z4/wxlp73js78g02fcv9dbq6g8h0000gn/T//cc3PrM7t.s:428    .text.eeprom_write_block:0000000000000000 $t
/var/folders/z4/wxlp73js78g02fcv9dbq6g8h0000gn/T//cc3PrM7t.s:435    .text.eeprom_write_block:0000000000000000 eeprom_write_block
/var/folders/z4/wxlp73js78g02fcv9dbq6g8h0000gn/T//cc3PrM7t.s:476    .text.eeprom_write_block:0000000000000018 $d
/var/folders/z4/wxlp73js78g02fcv9dbq6g8h0000gn/T//cc3PrM7t.s:483    .text.eeprom_update_byte:0000000000000000 $t
/var/folders/z4/wxlp73js78g02fcv9dbq6g8h0000gn/T//cc3PrM7t.s:490    .text.eeprom_update_byte:0000000000000000 eeprom_update_byte
/var/folders/z4/wxlp73js78g02fcv9dbq6g8h0000gn/T//cc3PrM7t.s:517    .text.eeprom_update_byte:0000000000000008 $d
/var/folders/z4/wxlp73js78g02fcv9dbq6g8h0000gn/T//cc3PrM7t.s:522    .text.eeprom_update_word:0000000000000000 $t
/var/folders/z4/wxlp73js78g02fcv9dbq6g8h0000gn/T//cc3PrM7t.s:529    .text.eeprom_update_word:0000000000000000 eeprom_update_word
/var/folders/z4/wxlp73js78g02fcv9dbq6g8h0000gn/T//cc3PrM7t.s:540    .text.eeprom_update_dword:0000000000000000 $t
/var/folders/z4/wxlp73js78g02fcv9dbq6g8h0000gn/T//cc3PrM7t.s:547    .text.eeprom_update_dword:0000000000000000 eeprom_update_dword
/var/folders/z4/wxlp73js78g02fcv9dbq6g8h0000gn/T//cc3PrM7t.s:558    .text.eeprom_update_block:0000000000000000 $t
/var/folders/z4/wxlp73js78g02fcv9dbq6g8h0000gn/T//cc3PrM7t.s:565    .text.eeprom_update_block:0000000000000000 eeprom_update_block
/var/folders/z4/wxlp73js78g02fcv9dbq6g8h0000gn/T//cc3PrM7t.s:576    .bss:0000000000000000 $d
/var/folders/z4/wxlp73js78g02fcv9dbq6g8h0000gn/T//cc3PrM7t.s:580    .bss:0000000000000000 buffer

NO UNDEFINED SYMBOLS
